mode: atomic
github.com/paularlott/gossip/websocket/coderwebsocket.go:23.46,25.2 1 0
github.com/paularlott/gossip/websocket/coderwebsocket.go:36.75,38.2 1 0
github.com/paularlott/gossip/websocket/coderwebsocket.go:41.79,43.16 2 0
github.com/paularlott/gossip/websocket/coderwebsocket.go:43.16,45.3 1 0
github.com/paularlott/gossip/websocket/coderwebsocket.go:47.2,48.28 2 0
github.com/paularlott/gossip/websocket/coderwebsocket.go:52.86,55.2 2 0
github.com/paularlott/gossip/websocket/coderwebsocket.go:58.40,59.21 1 0
github.com/paularlott/gossip/websocket/coderwebsocket.go:59.21,61.3 1 0
github.com/paularlott/gossip/websocket/coderwebsocket.go:62.2,62.54 1 0
github.com/paularlott/gossip/websocket/coderwebsocket.go:74.101,81.2 1 0
github.com/paularlott/gossip/websocket/coderwebsocket.go:84.61,85.15 1 0
github.com/paularlott/gossip/websocket/coderwebsocket.go:85.15,87.3 1 0
github.com/paularlott/gossip/websocket/coderwebsocket.go:89.2,95.25 4 0
github.com/paularlott/gossip/websocket/coderwebsocket.go:95.25,97.3 1 0
github.com/paularlott/gossip/websocket/coderwebsocket.go:99.2,99.25 1 0
github.com/paularlott/gossip/websocket/coderwebsocket.go:99.25,101.3 1 0
github.com/paularlott/gossip/websocket/coderwebsocket.go:103.2,104.16 2 0
github.com/paularlott/gossip/websocket/coderwebsocket.go:104.16,106.3 1 0
github.com/paularlott/gossip/websocket/coderwebsocket.go:109.2,116.8 2 0
github.com/paularlott/gossip/websocket/coderwebsocket.go:120.92,125.25 2 0
github.com/paularlott/gossip/websocket/coderwebsocket.go:125.25,127.3 1 0
github.com/paularlott/gossip/websocket/coderwebsocket.go:129.2,130.16 2 0
github.com/paularlott/gossip/websocket/coderwebsocket.go:130.16,132.3 1 0
github.com/paularlott/gossip/websocket/coderwebsocket.go:134.2,141.8 2 0
github.com/paularlott/gossip/websocket/coderwebsocket.go:145.58,147.9 2 0
github.com/paularlott/gossip/websocket/coderwebsocket.go:147.9,148.45 1 0
github.com/paularlott/gossip/websocket/coderwebsocket.go:151.2,155.3 2 0
github.com/paularlott/gossip/websocket/coderwebsocket.go:158.51,160.2 1 0
github.com/paularlott/gossip/websocket/gorillawebsockets.go:25.77,27.2 1 0
github.com/paularlott/gossip/websocket/gorillawebsockets.go:30.81,32.2 1 0
github.com/paularlott/gossip/websocket/gorillawebsockets.go:35.88,37.2 1 0
github.com/paularlott/gossip/websocket/gorillawebsockets.go:40.42,45.2 2 0
github.com/paularlott/gossip/websocket/gorillawebsockets.go:59.114,68.2 1 0
github.com/paularlott/gossip/websocket/gorillawebsockets.go:79.48,81.2 1 0
github.com/paularlott/gossip/websocket/gorillawebsockets.go:84.66,89.21 3 0
github.com/paularlott/gossip/websocket/gorillawebsockets.go:89.21,90.7 1 0
github.com/paularlott/gossip/websocket/gorillawebsockets.go:90.7,92.18 2 0
github.com/paularlott/gossip/websocket/gorillawebsockets.go:92.18,94.66 1 0
github.com/paularlott/gossip/websocket/gorillawebsockets.go:94.66,96.6 1 0
github.com/paularlott/gossip/websocket/gorillawebsockets.go:97.5,97.18 1 0
github.com/paularlott/gossip/websocket/gorillawebsockets.go:100.4,100.46 1 0
github.com/paularlott/gossip/websocket/gorillawebsockets.go:100.46,103.13 2 0
github.com/paularlott/gossip/websocket/gorillawebsockets.go:107.4,108.9 2 0
github.com/paularlott/gossip/websocket/gorillawebsockets.go:113.2,117.19 2 0
github.com/paularlott/gossip/websocket/gorillawebsockets.go:117.19,120.3 2 0
github.com/paularlott/gossip/websocket/gorillawebsockets.go:122.2,122.15 1 0
github.com/paularlott/gossip/websocket/gorillawebsockets.go:126.67,128.16 2 0
github.com/paularlott/gossip/websocket/gorillawebsockets.go:128.16,130.3 1 0
github.com/paularlott/gossip/websocket/gorillawebsockets.go:131.2,131.20 1 0
github.com/paularlott/gossip/websocket/gorillawebsockets.go:134.46,135.14 1 0
github.com/paularlott/gossip/websocket/gorillawebsockets.go:135.14,137.3 1 0
github.com/paularlott/gossip/websocket/gorillawebsockets.go:138.2,145.16 4 0
github.com/paularlott/gossip/websocket/gorillawebsockets.go:145.16,147.3 1 0
github.com/paularlott/gossip/websocket/gorillawebsockets.go:148.2,148.17 1 0
github.com/paularlott/gossip/websocket/gorillawebsockets.go:151.53,153.2 1 0
github.com/paularlott/gossip/websocket/gorillawebsockets.go:155.54,157.2 1 0
github.com/paularlott/gossip/websocket/gorillawebsockets.go:159.63,161.16 2 0
github.com/paularlott/gossip/websocket/gorillawebsockets.go:161.16,163.3 1 0
github.com/paularlott/gossip/websocket/gorillawebsockets.go:164.2,164.35 1 0
github.com/paularlott/gossip/websocket/gorillawebsockets.go:167.67,169.2 1 0
github.com/paularlott/gossip/websocket/gorillawebsockets.go:171.68,173.2 1 0
github.com/paularlott/gossip/websocket/gorillawebsockets.go:175.72,176.15 1 0
github.com/paularlott/gossip/websocket/gorillawebsockets.go:176.15,178.3 1 0
github.com/paularlott/gossip/websocket/gorillawebsockets.go:181.2,192.25 3 0
github.com/paularlott/gossip/websocket/gorillawebsockets.go:192.25,194.3 1 0
github.com/paularlott/gossip/websocket/gorillawebsockets.go:197.2,198.16 2 0
github.com/paularlott/gossip/websocket/gorillawebsockets.go:198.16,200.3 1 0
github.com/paularlott/gossip/websocket/gorillawebsockets.go:202.2,205.8 1 0
github.com/paularlott/gossip/websocket/gorillawebsockets.go:208.103,210.49 1 0
github.com/paularlott/gossip/websocket/gorillawebsockets.go:210.49,210.64 1 0
github.com/paularlott/gossip/websocket/gorillawebsockets.go:218.2,219.16 2 0
github.com/paularlott/gossip/websocket/gorillawebsockets.go:219.16,221.3 1 0
github.com/paularlott/gossip/websocket/gorillawebsockets.go:223.2,226.8 1 0
github.com/paularlott/gossip/websocket/gorillawebsockets.go:229.69,231.9 2 0
github.com/paularlott/gossip/websocket/gorillawebsockets.go:231.9,232.47 1 0
github.com/paularlott/gossip/websocket/gorillawebsockets.go:235.2,238.3 1 0
github.com/paularlott/gossip/websocket/gorillawebsockets.go:241.62,243.2 1 0
github.com/paularlott/gossip/examples/stream/main.go:36.13,48.21 9 0
github.com/paularlott/gossip/examples/stream/main.go:48.21,50.3 1 0
github.com/paularlott/gossip/examples/stream/main.go:53.2,54.15 2 0
github.com/paularlott/gossip/examples/stream/main.go:54.15,56.3 1 0
github.com/paularlott/gossip/examples/stream/main.go:56.8,56.25 1 0
github.com/paularlott/gossip/examples/stream/main.go:56.25,58.3 1 0
github.com/paularlott/gossip/examples/stream/main.go:61.2,72.16 11 0
github.com/paularlott/gossip/examples/stream/main.go:72.16,74.3 1 0
github.com/paularlott/gossip/examples/stream/main.go:75.2,75.18 1 0
github.com/paularlott/gossip/examples/stream/main.go:75.18,78.3 2 0
github.com/paularlott/gossip/examples/stream/main.go:80.2,81.61 2 0
github.com/paularlott/gossip/examples/stream/main.go:81.61,84.3 2 0
github.com/paularlott/gossip/examples/stream/main.go:86.2,87.16 2 0
github.com/paularlott/gossip/examples/stream/main.go:87.16,89.3 1 0
github.com/paularlott/gossip/examples/stream/main.go:90.2,94.107 3 0
github.com/paularlott/gossip/examples/stream/main.go:94.107,96.48 2 0
github.com/paularlott/gossip/examples/stream/main.go:96.48,98.4 1 0
github.com/paularlott/gossip/examples/stream/main.go:100.3,104.17 4 0
github.com/paularlott/gossip/examples/stream/main.go:104.17,107.4 2 0
github.com/paularlott/gossip/examples/stream/main.go:108.3,111.57 3 0
github.com/paularlott/gossip/examples/stream/main.go:117.2,118.16 2 0
github.com/paularlott/gossip/examples/stream/main.go:118.16,120.3 1 0
github.com/paularlott/gossip/examples/stream/main.go:123.2,126.51 1 0
github.com/paularlott/gossip/examples/stream/main.go:126.51,127.21 1 0
github.com/paularlott/gossip/examples/stream/main.go:127.21,130.5 2 0
github.com/paularlott/gossip/examples/stream/main.go:132.4,133.22 2 0
github.com/paularlott/gossip/examples/stream/main.go:133.22,136.5 2 0
github.com/paularlott/gossip/examples/stream/main.go:138.4,140.18 3 0
github.com/paularlott/gossip/examples/stream/main.go:140.18,143.5 2 0
github.com/paularlott/gossip/examples/stream/main.go:144.4,147.18 3 0
github.com/paularlott/gossip/examples/stream/main.go:147.18,150.5 2 0
github.com/paularlott/gossip/examples/stream/main.go:152.4,154.18 3 0
github.com/paularlott/gossip/examples/stream/main.go:154.18,157.5 2 0
github.com/paularlott/gossip/examples/stream/main.go:158.4,158.47 1 0
github.com/paularlott/gossip/examples/stream/main.go:161.2,165.18 3 0
github.com/paularlott/gossip/examples/stream/main.go:165.18,168.13 3 0
github.com/paularlott/gossip/examples/stream/main.go:168.13,169.85 1 0
github.com/paularlott/gossip/examples/stream/main.go:169.85,171.5 1 0
github.com/paularlott/gossip/examples/stream/main.go:176.2,181.23 4 0
github.com/paularlott/gossip/examples/stream/main.go:181.23,184.50 3 0
github.com/paularlott/gossip/examples/stream/main.go:184.50,186.4 1 0
github.com/paularlott/gossip/examples/usermessages/main.go:34.13,46.21 9 0
github.com/paularlott/gossip/examples/usermessages/main.go:46.21,48.3 1 0
github.com/paularlott/gossip/examples/usermessages/main.go:51.2,52.15 2 0
github.com/paularlott/gossip/examples/usermessages/main.go:52.15,54.3 1 0
github.com/paularlott/gossip/examples/usermessages/main.go:54.8,54.25 1 0
github.com/paularlott/gossip/examples/usermessages/main.go:54.25,56.3 1 0
github.com/paularlott/gossip/examples/usermessages/main.go:59.2,69.16 10 0
github.com/paularlott/gossip/examples/usermessages/main.go:69.16,71.3 1 0
github.com/paularlott/gossip/examples/usermessages/main.go:72.2,72.18 1 0
github.com/paularlott/gossip/examples/usermessages/main.go:72.18,75.3 2 0
github.com/paularlott/gossip/examples/usermessages/main.go:77.2,78.61 2 0
github.com/paularlott/gossip/examples/usermessages/main.go:78.61,81.3 2 0
github.com/paularlott/gossip/examples/usermessages/main.go:83.2,84.16 2 0
github.com/paularlott/gossip/examples/usermessages/main.go:84.16,86.3 1 0
github.com/paularlott/gossip/examples/usermessages/main.go:87.2,91.87 3 0
github.com/paularlott/gossip/examples/usermessages/main.go:91.87,93.48 2 0
github.com/paularlott/gossip/examples/usermessages/main.go:93.48,95.4 1 0
github.com/paularlott/gossip/examples/usermessages/main.go:97.3,98.13 2 0
github.com/paularlott/gossip/examples/usermessages/main.go:102.2,103.16 2 0
github.com/paularlott/gossip/examples/usermessages/main.go:103.16,105.3 1 0
github.com/paularlott/gossip/examples/usermessages/main.go:108.2,111.51 1 0
github.com/paularlott/gossip/examples/usermessages/main.go:111.51,112.21 1 0
github.com/paularlott/gossip/examples/usermessages/main.go:112.21,115.5 2 0
github.com/paularlott/gossip/examples/usermessages/main.go:117.4,118.33 2 0
github.com/paularlott/gossip/examples/usermessages/main.go:121.2,125.18 3 0
github.com/paularlott/gossip/examples/usermessages/main.go:125.18,128.13 3 0
github.com/paularlott/gossip/examples/usermessages/main.go:128.13,129.85 1 0
github.com/paularlott/gossip/examples/usermessages/main.go:129.85,131.5 1 0
github.com/paularlott/gossip/examples/usermessages/main.go:136.2,141.23 4 0
github.com/paularlott/gossip/examples/usermessages/main.go:141.23,144.50 3 0
github.com/paularlott/gossip/examples/usermessages/main.go:144.50,146.4 1 0
github.com/paularlott/gossip/examples/common/commands.go:23.40,29.6 4 0
github.com/paularlott/gossip/examples/common/commands.go:29.6,33.17 3 0
github.com/paularlott/gossip/examples/common/commands.go:33.17,35.12 2 0
github.com/paularlott/gossip/examples/common/commands.go:39.3,40.21 2 0
github.com/paularlott/gossip/examples/common/commands.go:40.21,41.12 1 0
github.com/paularlott/gossip/examples/common/commands.go:44.3,47.14 2 0
github.com/paularlott/gossip/examples/common/commands.go:48.16,49.25 1 0
github.com/paularlott/gossip/examples/common/commands.go:51.15,52.17 1 0
github.com/paularlott/gossip/examples/common/commands.go:54.19,55.33 1 0
github.com/paularlott/gossip/examples/common/commands.go:57.19,58.33 1 0
github.com/paularlott/gossip/examples/common/commands.go:60.20,61.34 1 0
github.com/paularlott/gossip/examples/common/commands.go:63.17,64.107 1 0
github.com/paularlott/gossip/examples/common/commands.go:66.11,66.11 0 0
github.com/paularlott/gossip/examples/common/commands.go:69.11,72.37 2 0
github.com/paularlott/gossip/examples/common/commands.go:72.37,73.27 1 0
github.com/paularlott/gossip/examples/common/commands.go:73.27,76.11 3 0
github.com/paularlott/gossip/examples/common/commands.go:80.4,80.14 1 0
github.com/paularlott/gossip/examples/common/commands.go:80.14,82.5 1 0
github.com/paularlott/gossip/examples/common/commands.go:88.42,94.29 4 0
github.com/paularlott/gossip/examples/common/commands.go:94.29,95.15 1 0
github.com/paularlott/gossip/examples/common/commands.go:96.12,97.24 1 0
github.com/paularlott/gossip/examples/common/commands.go:98.12,99.17 1 0
github.com/paularlott/gossip/examples/common/commands.go:99.17,100.22 1 0
github.com/paularlott/gossip/examples/common/commands.go:100.22,103.6 2 0
github.com/paularlott/gossip/examples/common/commands.go:104.10,106.5 1 0
github.com/paularlott/gossip/examples/common/commands.go:107.11,108.27 1 0
github.com/paularlott/gossip/examples/common/commands.go:112.2,112.19 1 0
github.com/paularlott/gossip/examples/common/commands.go:112.19,114.3 1 0
github.com/paularlott/gossip/examples/common/commands.go:116.2,116.13 1 0
github.com/paularlott/gossip/examples/common/commands.go:120.44,122.21 2 0
github.com/paularlott/gossip/examples/common/commands.go:122.21,125.3 2 0
github.com/paularlott/gossip/examples/common/commands.go:127.2,129.26 3 0
github.com/paularlott/gossip/examples/common/commands.go:129.26,132.26 3 0
github.com/paularlott/gossip/examples/common/commands.go:132.26,134.4 1 0
github.com/paularlott/gossip/examples/common/commands.go:136.3,136.124 1 0
github.com/paularlott/gossip/examples/common/commands.go:139.2,139.18 1 0
github.com/paularlott/gossip/examples/common/commands.go:142.61,143.19 1 0
github.com/paularlott/gossip/examples/common/commands.go:143.19,146.3 2 0
github.com/paularlott/gossip/examples/common/commands.go:148.2,152.51 4 0
github.com/paularlott/gossip/examples/common/commands.go:155.61,156.19 1 0
github.com/paularlott/gossip/examples/common/commands.go:156.19,159.3 2 0
github.com/paularlott/gossip/examples/common/commands.go:161.2,162.16 2 0
github.com/paularlott/gossip/examples/common/commands.go:162.16,164.3 1 0
github.com/paularlott/gossip/examples/common/commands.go:166.2,170.17 4 0
github.com/paularlott/gossip/examples/common/commands.go:170.17,173.3 2 0
github.com/paularlott/gossip/examples/common/commands.go:175.2,176.32 2 0
github.com/paularlott/gossip/examples/common/commands.go:176.32,178.3 1 0
github.com/paularlott/gossip/examples/common/commands.go:178.8,180.3 1 0
github.com/paularlott/gossip/examples/common/commands.go:183.62,184.19 1 0
github.com/paularlott/gossip/examples/common/commands.go:184.19,187.3 2 0
github.com/paularlott/gossip/examples/common/commands.go:189.2,190.16 2 0
github.com/paularlott/gossip/examples/common/commands.go:190.16,192.3 1 0
github.com/paularlott/gossip/examples/common/commands.go:194.2,196.17 3 0
github.com/paularlott/gossip/examples/common/commands.go:196.17,199.3 2 0
github.com/paularlott/gossip/examples/common/commands.go:200.2,204.25 4 0
github.com/paularlott/gossip/examples/common/commands.go:204.25,206.3 1 0
github.com/paularlott/gossip/examples/common/commands.go:208.2,208.18 1 0
github.com/paularlott/gossip/examples/common/commands.go:212.20,221.35 8 0
github.com/paularlott/gossip/examples/common/commands.go:221.35,223.3 1 0
github.com/paularlott/gossip/examples/common/commands.go:225.2,227.52 3 0
github.com/paularlott/gossip/examples/common/commands.go:230.35,233.28 2 0
github.com/paularlott/gossip/examples/common/commands.go:233.28,234.28 1 0
github.com/paularlott/gossip/examples/common/commands.go:234.28,235.32 1 0
github.com/paularlott/gossip/examples/common/commands.go:235.32,237.5 1 0
github.com/paularlott/gossip/examples/common/commands.go:242.2,242.28 1 0
github.com/paularlott/gossip/examples/common/commands.go:242.28,243.28 1 0
github.com/paularlott/gossip/examples/common/commands.go:243.28,246.4 1 0
github.com/paularlott/gossip/examples/common/commands.go:247.3,247.16 1 0
github.com/paularlott/gossip/examples/common/log.go:14.57,16.2 1 0
github.com/paularlott/gossip/examples/common/log.go:18.68,20.2 1 0
github.com/paularlott/gossip/examples/common/log.go:21.68,23.2 1 0
github.com/paularlott/gossip/examples/common/log.go:24.67,26.2 1 0
github.com/paularlott/gossip/examples/common/log.go:27.67,29.2 1 0
github.com/paularlott/gossip/examples/common/log.go:30.68,32.2 1 0
github.com/paularlott/gossip/examples/common/log.go:33.76,37.2 1 0
github.com/paularlott/gossip/examples/common/log.go:38.54,42.2 1 0
github.com/paularlott/gossip/examples/leader/main.go:26.13,37.12 9 0
github.com/paularlott/gossip/examples/leader/main.go:37.12,39.3 1 0
github.com/paularlott/gossip/examples/leader/main.go:42.2,43.21 2 0
github.com/paularlott/gossip/examples/leader/main.go:43.21,45.3 1 0
github.com/paularlott/gossip/examples/leader/main.go:48.2,49.15 2 0
github.com/paularlott/gossip/examples/leader/main.go:49.15,51.3 1 0
github.com/paularlott/gossip/examples/leader/main.go:51.8,51.25 1 0
github.com/paularlott/gossip/examples/leader/main.go:51.25,53.3 1 0
github.com/paularlott/gossip/examples/leader/main.go:56.2,66.16 10 0
github.com/paularlott/gossip/examples/leader/main.go:66.16,68.3 1 0
github.com/paularlott/gossip/examples/leader/main.go:69.2,69.18 1 0
github.com/paularlott/gossip/examples/leader/main.go:69.18,72.3 2 0
github.com/paularlott/gossip/examples/leader/main.go:74.2,75.16 2 0
github.com/paularlott/gossip/examples/leader/main.go:75.16,77.3 1 0
github.com/paularlott/gossip/examples/leader/main.go:80.2,90.98 5 0
github.com/paularlott/gossip/examples/leader/main.go:90.98,92.3 1 0
github.com/paularlott/gossip/examples/leader/main.go:93.2,93.96 1 0
github.com/paularlott/gossip/examples/leader/main.go:93.96,95.3 1 0
github.com/paularlott/gossip/examples/leader/main.go:96.2,96.99 1 0
github.com/paularlott/gossip/examples/leader/main.go:96.99,98.3 1 0
github.com/paularlott/gossip/examples/leader/main.go:99.2,99.97 1 0
github.com/paularlott/gossip/examples/leader/main.go:99.97,101.3 1 0
github.com/paularlott/gossip/examples/leader/main.go:104.2,112.16 5 0
github.com/paularlott/gossip/examples/leader/main.go:112.16,114.3 1 0
github.com/paularlott/gossip/examples/leader/main.go:117.2,117.12 1 0
github.com/paularlott/gossip/examples/leader/main.go:117.12,121.7 3 0
github.com/paularlott/gossip/examples/leader/main.go:121.7,122.11 1 0
github.com/paularlott/gossip/examples/leader/main.go:123.20,125.28 1 0
github.com/paularlott/gossip/examples/leader/main.go:125.28,129.6 1 0
github.com/paularlott/gossip/examples/leader/main.go:129.11,129.36 1 0
github.com/paularlott/gossip/examples/leader/main.go:129.36,131.68 2 0
github.com/paularlott/gossip/examples/leader/main.go:131.68,135.7 1 0
github.com/paularlott/gossip/examples/leader/main.go:142.2,146.18 3 0
github.com/paularlott/gossip/examples/leader/main.go:146.18,149.13 3 0
github.com/paularlott/gossip/examples/leader/main.go:149.13,150.85 1 0
github.com/paularlott/gossip/examples/leader/main.go:150.85,152.5 1 0
github.com/paularlott/gossip/examples/leader/main.go:157.2,162.23 4 0
github.com/paularlott/gossip/examples/leader/main.go:162.23,165.50 3 0
github.com/paularlott/gossip/examples/leader/main.go:165.50,167.4 1 0
github.com/paularlott/gossip/compression/snappy.go:11.46,13.2 1 0
github.com/paularlott/gossip/compression/snappy.go:15.66,17.2 1 0
github.com/paularlott/gossip/compression/snappy.go:19.68,21.2 1 0
github.com/paularlott/gossip/examples/events/main.go:25.13,37.21 9 0
github.com/paularlott/gossip/examples/events/main.go:37.21,39.3 1 0
github.com/paularlott/gossip/examples/events/main.go:42.2,43.15 2 0
github.com/paularlott/gossip/examples/events/main.go:43.15,45.3 1 0
github.com/paularlott/gossip/examples/events/main.go:45.8,45.25 1 0
github.com/paularlott/gossip/examples/events/main.go:45.25,47.3 1 0
github.com/paularlott/gossip/examples/events/main.go:50.2,60.16 10 0
github.com/paularlott/gossip/examples/events/main.go:60.16,62.3 1 0
github.com/paularlott/gossip/examples/events/main.go:63.2,63.18 1 0
github.com/paularlott/gossip/examples/events/main.go:63.18,66.3 2 0
github.com/paularlott/gossip/examples/events/main.go:68.2,69.61 2 0
github.com/paularlott/gossip/examples/events/main.go:69.61,72.3 2 0
github.com/paularlott/gossip/examples/events/main.go:74.2,75.16 2 0
github.com/paularlott/gossip/examples/events/main.go:75.16,77.3 1 0
github.com/paularlott/gossip/examples/events/main.go:78.2,82.88 3 0
github.com/paularlott/gossip/examples/events/main.go:82.88,84.3 1 0
github.com/paularlott/gossip/examples/events/main.go:85.2,85.63 1 0
github.com/paularlott/gossip/examples/events/main.go:85.63,87.3 1 0
github.com/paularlott/gossip/examples/events/main.go:90.2,96.16 3 0
github.com/paularlott/gossip/examples/events/main.go:96.16,98.3 1 0
github.com/paularlott/gossip/examples/events/main.go:101.2,105.18 3 0
github.com/paularlott/gossip/examples/events/main.go:105.18,108.13 3 0
github.com/paularlott/gossip/examples/events/main.go:108.13,109.85 1 0
github.com/paularlott/gossip/examples/events/main.go:109.85,111.5 1 0
github.com/paularlott/gossip/examples/events/main.go:116.2,121.23 4 0
github.com/paularlott/gossip/examples/events/main.go:121.23,124.50 3 0
github.com/paularlott/gossip/examples/events/main.go:124.50,126.4 1 0
github.com/paularlott/gossip/examples/basic/main.go:25.13,37.21 9 0
github.com/paularlott/gossip/examples/basic/main.go:37.21,39.3 1 0
github.com/paularlott/gossip/examples/basic/main.go:42.2,43.15 2 0
github.com/paularlott/gossip/examples/basic/main.go:43.15,45.3 1 0
github.com/paularlott/gossip/examples/basic/main.go:45.8,45.25 1 0
github.com/paularlott/gossip/examples/basic/main.go:45.25,47.3 1 0
github.com/paularlott/gossip/examples/basic/main.go:50.2,60.16 10 0
github.com/paularlott/gossip/examples/basic/main.go:60.16,62.3 1 0
github.com/paularlott/gossip/examples/basic/main.go:63.2,63.18 1 0
github.com/paularlott/gossip/examples/basic/main.go:63.18,66.3 2 0
github.com/paularlott/gossip/examples/basic/main.go:68.2,69.61 2 0
github.com/paularlott/gossip/examples/basic/main.go:69.61,72.3 2 0
github.com/paularlott/gossip/examples/basic/main.go:74.2,75.16 2 0
github.com/paularlott/gossip/examples/basic/main.go:75.16,77.3 1 0
github.com/paularlott/gossip/examples/basic/main.go:78.2,83.16 4 0
github.com/paularlott/gossip/examples/basic/main.go:83.16,85.3 1 0
github.com/paularlott/gossip/examples/basic/main.go:88.2,92.18 3 0
github.com/paularlott/gossip/examples/basic/main.go:92.18,95.13 3 0
github.com/paularlott/gossip/examples/basic/main.go:95.13,96.85 1 0
github.com/paularlott/gossip/examples/basic/main.go:96.85,98.5 1 0
github.com/paularlott/gossip/examples/basic/main.go:103.2,108.23 4 0
github.com/paularlott/gossip/examples/basic/main.go:108.23,111.50 3 0
github.com/paularlott/gossip/examples/basic/main.go:111.50,113.4 1 0
github.com/paularlott/gossip/examples/kv/kvstore.go:53.51,75.2 7 0
github.com/paularlott/gossip/examples/kv/kvstore.go:78.27,80.2 1 0
github.com/paularlott/gossip/examples/kv/kvstore.go:83.55,91.51 5 0
github.com/paularlott/gossip/examples/kv/kvstore.go:91.51,93.45 1 0
github.com/paularlott/gossip/examples/kv/kvstore.go:93.45,95.4 1 0
github.com/paularlott/gossip/examples/kv/kvstore.go:99.2,113.4 2 0
github.com/paularlott/gossip/examples/kv/kvstore.go:117.56,121.61 3 0
github.com/paularlott/gossip/examples/kv/kvstore.go:121.61,123.3 1 0
github.com/paularlott/gossip/examples/kv/kvstore.go:124.2,124.19 1 0
github.com/paularlott/gossip/examples/kv/kvstore.go:128.39,133.51 3 0
github.com/paularlott/gossip/examples/kv/kvstore.go:133.51,138.45 3 0
github.com/paularlott/gossip/examples/kv/kvstore.go:138.45,140.4 1 0
github.com/paularlott/gossip/examples/kv/kvstore.go:142.3,156.5 2 0
github.com/paularlott/gossip/examples/kv/kvstore.go:161.36,166.28 4 0
github.com/paularlott/gossip/examples/kv/kvstore.go:166.28,167.17 1 0
github.com/paularlott/gossip/examples/kv/kvstore.go:167.17,169.4 1 0
github.com/paularlott/gossip/examples/kv/kvstore.go:171.2,171.13 1 0
github.com/paularlott/gossip/examples/kv/kvstore.go:175.39,178.20 2 0
github.com/paularlott/gossip/examples/kv/kvstore.go:178.20,180.3 1 0
github.com/paularlott/gossip/examples/kv/kvstore.go:182.2,183.20 2 0
github.com/paularlott/gossip/examples/kv/kvstore.go:183.20,185.3 1 0
github.com/paularlott/gossip/examples/kv/kvstore.go:187.2,191.27 4 0
github.com/paularlott/gossip/examples/kv/kvstore.go:191.27,194.30 2 0
github.com/paularlott/gossip/examples/kv/kvstore.go:194.30,196.4 1 0
github.com/paularlott/gossip/examples/kv/kvstore.go:196.9,198.21 2 0
github.com/paularlott/gossip/examples/kv/kvstore.go:198.21,200.5 1 0
github.com/paularlott/gossip/examples/kv/kvstore.go:203.2,205.22 2 0
github.com/paularlott/gossip/examples/kv/kvstore.go:205.22,207.3 1 0
github.com/paularlott/gossip/examples/kv/kvstore.go:210.2,215.29 3 0
github.com/paularlott/gossip/examples/kv/kvstore.go:215.29,216.44 1 0
github.com/paularlott/gossip/examples/kv/kvstore.go:216.44,218.4 1 0
github.com/paularlott/gossip/examples/kv/kvstore.go:220.2,223.30 2 0
github.com/paularlott/gossip/examples/kv/kvstore.go:223.30,225.3 1 0
github.com/paularlott/gossip/examples/kv/kvstore.go:228.43,232.2 3 0
github.com/paularlott/gossip/examples/kv/kvstore.go:235.38,239.29 2 0
github.com/paularlott/gossip/examples/kv/kvstore.go:239.29,242.17 3 0
github.com/paularlott/gossip/examples/kv/kvstore.go:242.17,245.12 2 0
github.com/paularlott/gossip/examples/kv/kvstore.go:249.3,249.35 1 0
github.com/paularlott/gossip/examples/kv/kvstore.go:249.35,252.4 2 0
github.com/paularlott/gossip/examples/kv/kvstore.go:257.100,266.28 4 0
github.com/paularlott/gossip/examples/kv/kvstore.go:266.28,268.3 1 0
github.com/paularlott/gossip/examples/kv/kvstore.go:271.2,271.22 1 0
github.com/paularlott/gossip/examples/kv/kvstore.go:275.81,277.51 2 0
github.com/paularlott/gossip/examples/kv/kvstore.go:277.51,279.3 1 0
github.com/paularlott/gossip/examples/kv/kvstore.go:281.2,282.12 2 0
github.com/paularlott/gossip/examples/kv/kvstore.go:286.64,290.42 3 0
github.com/paularlott/gossip/examples/kv/kvstore.go:290.42,301.68 2 0
github.com/paularlott/gossip/examples/kv/kvstore.go:301.68,305.4 1 0
github.com/paularlott/gossip/examples/kv/kvstore.go:310.33,314.6 3 0
github.com/paularlott/gossip/examples/kv/kvstore.go:314.6,315.10 1 0
github.com/paularlott/gossip/examples/kv/kvstore.go:316.19,317.23 1 0
github.com/paularlott/gossip/examples/kv/kvstore.go:318.24,319.10 1 0
github.com/paularlott/gossip/examples/kv/kvstore.go:325.37,332.34 5 0
github.com/paularlott/gossip/examples/kv/kvstore.go:332.34,333.63 1 0
github.com/paularlott/gossip/examples/kv/kvstore.go:333.63,335.4 1 0
github.com/paularlott/gossip/examples/kv/kvstore.go:340.50,345.28 4 0
github.com/paularlott/gossip/examples/kv/kvstore.go:345.28,346.17 1 0
github.com/paularlott/gossip/examples/kv/kvstore.go:346.17,348.4 1 0
github.com/paularlott/gossip/examples/kv/kvstore.go:350.2,350.15 1 0
github.com/paularlott/gossip/examples/kv/kvstore.go:354.47,357.16 3 0
github.com/paularlott/gossip/examples/kv/kvstore.go:357.16,359.3 1 0
github.com/paularlott/gossip/examples/kv/kvstore.go:360.2,360.27 1 0
github.com/paularlott/gossip/examples/kv/main.go:25.13,37.21 9 0
github.com/paularlott/gossip/examples/kv/main.go:37.21,39.3 1 0
github.com/paularlott/gossip/examples/kv/main.go:42.2,43.15 2 0
github.com/paularlott/gossip/examples/kv/main.go:43.15,45.3 1 0
github.com/paularlott/gossip/examples/kv/main.go:45.8,45.25 1 0
github.com/paularlott/gossip/examples/kv/main.go:45.25,47.3 1 0
github.com/paularlott/gossip/examples/kv/main.go:50.2,60.16 10 0
github.com/paularlott/gossip/examples/kv/main.go:60.16,62.3 1 0
github.com/paularlott/gossip/examples/kv/main.go:63.2,63.18 1 0
github.com/paularlott/gossip/examples/kv/main.go:63.18,66.3 2 0
github.com/paularlott/gossip/examples/kv/main.go:68.2,69.16 2 0
github.com/paularlott/gossip/examples/kv/main.go:69.16,71.3 1 0
github.com/paularlott/gossip/examples/kv/main.go:72.2,81.16 6 0
github.com/paularlott/gossip/examples/kv/main.go:81.16,83.3 1 0
github.com/paularlott/gossip/examples/kv/main.go:86.2,92.51 2 0
github.com/paularlott/gossip/examples/kv/main.go:92.51,93.21 1 0
github.com/paularlott/gossip/examples/kv/main.go:93.21,96.5 2 0
github.com/paularlott/gossip/examples/kv/main.go:98.4,98.51 1 0
github.com/paularlott/gossip/examples/kv/main.go:101.2,104.51 1 0
github.com/paularlott/gossip/examples/kv/main.go:104.51,105.21 1 0
github.com/paularlott/gossip/examples/kv/main.go:105.21,108.5 2 0
github.com/paularlott/gossip/examples/kv/main.go:110.4,111.11 2 0
github.com/paularlott/gossip/examples/kv/main.go:111.11,114.5 2 0
github.com/paularlott/gossip/examples/kv/main.go:115.4,115.32 1 0
github.com/paularlott/gossip/examples/kv/main.go:118.2,121.51 1 0
github.com/paularlott/gossip/examples/kv/main.go:121.51,122.21 1 0
github.com/paularlott/gossip/examples/kv/main.go:122.21,125.5 2 0
github.com/paularlott/gossip/examples/kv/main.go:127.4,128.40 2 0
github.com/paularlott/gossip/examples/kv/main.go:131.2,134.51 1 0
github.com/paularlott/gossip/examples/kv/main.go:134.51,142.4 4 0
github.com/paularlott/gossip/examples/kv/main.go:144.2,148.18 3 0
github.com/paularlott/gossip/examples/kv/main.go:148.18,151.13 3 0
github.com/paularlott/gossip/examples/kv/main.go:151.13,152.85 1 0
github.com/paularlott/gossip/examples/kv/main.go:152.85,154.5 1 0
github.com/paularlott/gossip/examples/kv/main.go:159.2,164.23 4 0
github.com/paularlott/gossip/examples/kv/main.go:164.23,167.50 3 0
github.com/paularlott/gossip/examples/kv/main.go:167.50,169.4 1 0
github.com/paularlott/gossip/hlc/timestamp.go:35.24,37.2 1 5
github.com/paularlott/gossip/hlc/timestamp.go:40.33,41.6 1 105
github.com/paularlott/gossip/hlc/timestamp.go:41.6,49.24 7 105
github.com/paularlott/gossip/hlc/timestamp.go:49.24,51.4 1 51
github.com/paularlott/gossip/hlc/timestamp.go:51.9,53.4 1 54
github.com/paularlott/gossip/hlc/timestamp.go:55.3,55.53 1 105
github.com/paularlott/gossip/hlc/timestamp.go:55.53,57.4 1 105
github.com/paularlott/gossip/hlc/timestamp.go:63.50,65.2 1 1
github.com/paularlott/gossip/hlc/timestamp.go:68.49,70.2 1 100
github.com/paularlott/gossip/hlc/timestamp.go:73.49,75.2 1 1
github.com/paularlott/gossip/hlc/timestamp.go:78.38,86.2 3 7
github.com/paularlott/gossip/hlc/timestamp.go:89.38,91.2 1 1
github.com/paularlott/gossip/hlc/timestamp.go:96.22,98.2 1 1
github.com/paularlott/gossip/codec/hashicorp_msgpack.go:11.56,15.2 1 0
github.com/paularlott/gossip/codec/hashicorp_msgpack.go:17.73,21.38 3 0
github.com/paularlott/gossip/codec/hashicorp_msgpack.go:21.38,23.3 1 0
github.com/paularlott/gossip/codec/hashicorp_msgpack.go:24.2,24.18 1 0
github.com/paularlott/gossip/codec/hashicorp_msgpack.go:27.78,30.2 2 0
github.com/paularlott/gossip/codec/json.go:9.32,11.2 1 1
github.com/paularlott/gossip/codec/json.go:13.61,15.16 2 1
github.com/paularlott/gossip/codec/json.go:15.16,17.3 1 0
github.com/paularlott/gossip/codec/json.go:18.2,18.18 1 1
github.com/paularlott/gossip/codec/json.go:21.66,23.2 1 1
github.com/paularlott/gossip/codec/shamaton_msgpack.go:9.54,11.2 1 0
github.com/paularlott/gossip/codec/shamaton_msgpack.go:13.72,15.2 1 0
github.com/paularlott/gossip/codec/shamaton_msgpack.go:17.77,19.2 1 0
github.com/paularlott/gossip/codec/vmihailenco_msgpack.go:9.60,11.2 1 0
github.com/paularlott/gossip/codec/vmihailenco_msgpack.go:13.75,15.2 1 0
github.com/paularlott/gossip/codec/vmihailenco_msgpack.go:17.80,19.2 1 0
github.com/paularlott/gossip/encryption/aesencryptor.go:16.38,18.2 1 3
github.com/paularlott/gossip/encryption/aesencryptor.go:21.73,24.16 2 9
github.com/paularlott/gossip/encryption/aesencryptor.go:24.16,26.3 1 0
github.com/paularlott/gossip/encryption/aesencryptor.go:29.2,30.16 2 9
github.com/paularlott/gossip/encryption/aesencryptor.go:30.16,32.3 1 0
github.com/paularlott/gossip/encryption/aesencryptor.go:35.2,36.59 2 9
github.com/paularlott/gossip/encryption/aesencryptor.go:36.59,38.3 1 0
github.com/paularlott/gossip/encryption/aesencryptor.go:41.2,48.20 5 9
github.com/paularlott/gossip/encryption/aesencryptor.go:52.73,55.16 2 9
github.com/paularlott/gossip/encryption/aesencryptor.go:55.16,57.3 1 0
github.com/paularlott/gossip/encryption/aesencryptor.go:60.2,61.16 2 9
github.com/paularlott/gossip/encryption/aesencryptor.go:61.16,63.3 1 0
github.com/paularlott/gossip/encryption/aesencryptor.go:66.2,67.27 2 9
github.com/paularlott/gossip/encryption/aesencryptor.go:67.27,69.3 1 0
github.com/paularlott/gossip/encryption/aesencryptor.go:72.2,75.46 2 9
github.com/paularlott/gossip/encryption/chacha20.go:17.48,19.2 1 1
github.com/paularlott/gossip/encryption/chacha20.go:22.78,24.42 1 3
github.com/paularlott/gossip/encryption/chacha20.go:24.42,26.3 1 0
github.com/paularlott/gossip/encryption/chacha20.go:29.2,30.16 2 3
github.com/paularlott/gossip/encryption/chacha20.go:30.16,32.3 1 0
github.com/paularlott/gossip/encryption/chacha20.go:35.2,36.59 2 3
github.com/paularlott/gossip/encryption/chacha20.go:36.59,38.3 1 0
github.com/paularlott/gossip/encryption/chacha20.go:41.2,48.20 5 3
github.com/paularlott/gossip/encryption/chacha20.go:52.78,54.42 1 3
github.com/paularlott/gossip/encryption/chacha20.go:54.42,56.3 1 0
github.com/paularlott/gossip/encryption/chacha20.go:59.2,60.16 2 3
github.com/paularlott/gossip/encryption/chacha20.go:60.16,62.3 1 0
github.com/paularlott/gossip/encryption/chacha20.go:65.2,66.27 2 3
github.com/paularlott/gossip/encryption/chacha20.go:66.27,68.3 1 0
github.com/paularlott/gossip/encryption/chacha20.go:71.2,75.16 3 3
github.com/paularlott/gossip/encryption/chacha20.go:75.16,77.3 1 0
github.com/paularlott/gossip/encryption/chacha20.go:79.2,79.23 1 3
github.com/paularlott/gossip/leader/config.go:17.30,25.2 1 8
github.com/paularlott/gossip/leader/election.go:34.81,51.38 5 8
github.com/paularlott/gossip/leader/election.go:51.38,53.3 1 3
github.com/paularlott/gossip/leader/election.go:55.2,55.17 1 8
github.com/paularlott/gossip/leader/election.go:58.92,60.2 1 0
github.com/paularlott/gossip/leader/election.go:63.35,64.12 1 3
github.com/paularlott/gossip/leader/election.go:64.12,72.7 4 3
github.com/paularlott/gossip/leader/election.go:72.7,73.11 1 23
github.com/paularlott/gossip/leader/election.go:74.20,75.29 1 20
github.com/paularlott/gossip/leader/election.go:76.25,77.11 1 3
github.com/paularlott/gossip/leader/election.go:84.34,86.25 2 3
github.com/paularlott/gossip/leader/election.go:86.25,88.3 1 1
github.com/paularlott/gossip/leader/election.go:93.61,94.25 1 10
github.com/paularlott/gossip/leader/election.go:94.25,96.3 1 7
github.com/paularlott/gossip/leader/election.go:98.2,98.32 1 3
github.com/paularlott/gossip/leader/election.go:102.49,104.78 1 23
github.com/paularlott/gossip/leader/election.go:104.78,108.18 2 8
github.com/paularlott/gossip/leader/election.go:108.18,110.4 1 1
github.com/paularlott/gossip/leader/election.go:111.3,112.9 2 8
github.com/paularlott/gossip/leader/election.go:116.2,116.20 1 15
github.com/paularlott/gossip/leader/election.go:116.20,118.18 1 11
github.com/paularlott/gossip/leader/election.go:118.18,120.4 1 11
github.com/paularlott/gossip/leader/election.go:121.3,121.9 1 11
github.com/paularlott/gossip/leader/election.go:125.2,125.18 1 4
github.com/paularlott/gossip/leader/election.go:129.43,133.2 3 3
github.com/paularlott/gossip/leader/election.go:136.55,140.2 3 6
github.com/paularlott/gossip/leader/election.go:142.52,143.21 1 0
github.com/paularlott/gossip/leader/election.go:143.21,145.3 1 0
github.com/paularlott/gossip/leader/election.go:147.2,149.40 3 0
github.com/paularlott/gossip/leader/election.go:153.44,158.19 3 19
github.com/paularlott/gossip/leader/election.go:158.19,160.3 1 3
github.com/paularlott/gossip/leader/election.go:164.2,167.25 3 16
github.com/paularlott/gossip/leader/election.go:167.25,169.22 2 5
github.com/paularlott/gossip/leader/election.go:169.22,171.4 1 4
github.com/paularlott/gossip/leader/election.go:171.9,175.4 1 1
github.com/paularlott/gossip/leader/election.go:176.8,179.3 2 11
github.com/paularlott/gossip/leader/election.go:181.2,184.34 3 16
github.com/paularlott/gossip/leader/election.go:184.34,192.3 2 0
github.com/paularlott/gossip/leader/election.go:195.2,195.60 1 16
github.com/paularlott/gossip/leader/election.go:195.60,197.3 1 2
github.com/paularlott/gossip/leader/election.go:200.2,201.60 2 14
github.com/paularlott/gossip/leader/election.go:201.60,203.3 1 1
github.com/paularlott/gossip/leader/election.go:207.2,207.25 1 13
github.com/paularlott/gossip/leader/election.go:207.25,208.40 1 4
github.com/paularlott/gossip/leader/election.go:208.40,213.4 2 0
github.com/paularlott/gossip/leader/election.go:216.2,216.13 1 13
github.com/paularlott/gossip/leader/election.go:220.41,228.34 4 4
github.com/paularlott/gossip/leader/election.go:228.34,236.19 3 0
github.com/paularlott/gossip/leader/election.go:236.19,238.19 2 0
github.com/paularlott/gossip/leader/election.go:238.19,240.5 1 0
github.com/paularlott/gossip/leader/election.go:241.4,243.23 3 0
github.com/paularlott/gossip/leader/election.go:245.3,246.9 2 0
github.com/paularlott/gossip/leader/election.go:251.2,252.37 2 4
github.com/paularlott/gossip/leader/election.go:252.37,253.75 1 3
github.com/paularlott/gossip/leader/election.go:253.75,255.4 1 3
github.com/paularlott/gossip/leader/election.go:257.2,257.26 1 4
github.com/paularlott/gossip/leader/election.go:257.26,260.3 2 1
github.com/paularlott/gossip/leader/election.go:262.2,289.17 17 3
github.com/paularlott/gossip/leader/election.go:289.17,291.3 1 0
github.com/paularlott/gossip/leader/election.go:292.2,292.18 1 3
github.com/paularlott/gossip/leader/election.go:292.18,294.3 1 3
github.com/paularlott/gossip/leader/election.go:297.2,297.19 1 3
github.com/paularlott/gossip/leader/election.go:297.19,299.3 1 3
github.com/paularlott/gossip/leader/election.go:302.2,302.17 1 3
github.com/paularlott/gossip/leader/election.go:302.17,304.3 1 3
github.com/paularlott/gossip/leader/election.go:308.49,326.2 10 14
github.com/paularlott/gossip/leader/election.go:329.99,330.19 1 6
github.com/paularlott/gossip/leader/election.go:330.19,332.3 1 0
github.com/paularlott/gossip/leader/election.go:335.2,335.62 1 6
github.com/paularlott/gossip/leader/election.go:335.62,337.3 1 1
github.com/paularlott/gossip/leader/election.go:340.2,341.47 2 5
github.com/paularlott/gossip/leader/election.go:341.47,344.3 2 0
github.com/paularlott/gossip/leader/election.go:346.2,356.31 4 5
github.com/paularlott/gossip/leader/election.go:356.31,363.3 2 3
github.com/paularlott/gossip/leader/election.go:363.8,363.39 1 2
github.com/paularlott/gossip/leader/election.go:363.39,364.20 1 2
github.com/paularlott/gossip/leader/election.go:364.20,370.4 2 0
github.com/paularlott/gossip/leader/election.go:370.9,370.49 1 2
github.com/paularlott/gossip/leader/election.go:370.49,372.4 1 1
github.com/paularlott/gossip/leader/election.go:372.9,372.94 1 1
github.com/paularlott/gossip/leader/election.go:372.94,379.4 2 1
github.com/paularlott/gossip/leader/election.go:382.2,382.21 1 5
github.com/paularlott/gossip/leader/election.go:382.21,399.18 13 5
github.com/paularlott/gossip/leader/election.go:399.18,402.4 2 0
github.com/paularlott/gossip/leader/election.go:403.3,403.19 1 5
github.com/paularlott/gossip/leader/election.go:403.19,406.4 2 1
github.com/paularlott/gossip/leader/election.go:408.3,408.20 1 5
github.com/paularlott/gossip/leader/election.go:408.20,414.4 2 5
github.com/paularlott/gossip/leader/election.go:431.2,431.12 1 5
github.com/paularlott/gossip/leader/election.go:435.96,448.60 6 8
github.com/paularlott/gossip/leader/election.go:448.60,457.45 4 4
github.com/paularlott/gossip/leader/election.go:457.45,460.4 2 4
github.com/paularlott/gossip/leader/election.go:461.3,461.19 1 4
github.com/paularlott/gossip/leader/election.go:467.69,468.19 1 23
github.com/paularlott/gossip/leader/election.go:468.19,470.3 1 3
github.com/paularlott/gossip/leader/election.go:473.2,477.59 2 20
github.com/paularlott/gossip/leader/election.go:477.59,479.3 1 0
github.com/paularlott/gossip/leader/election.go:481.2,481.23 1 20
github.com/paularlott/gossip/leader/election.go:485.60,487.2 1 0
github.com/paularlott/gossip/leader/election.go:489.91,490.25 1 2
github.com/paularlott/gossip/leader/election.go:490.25,492.3 1 1
github.com/paularlott/gossip/leader/election.go:493.2,493.39 1 1
github.com/paularlott/gossip/leader/election.go:496.99,497.25 1 2
github.com/paularlott/gossip/leader/election.go:497.25,499.3 1 1
github.com/paularlott/gossip/leader/election.go:500.2,500.47 1 1
github.com/paularlott/gossip/leader/events.go:18.37,19.12 1 0
github.com/paularlott/gossip/leader/events.go:20.26,21.26 1 0
github.com/paularlott/gossip/leader/events.go:22.23,23.23 1 0
github.com/paularlott/gossip/leader/events.go:24.25,25.25 1 0
github.com/paularlott/gossip/leader/events.go:26.24,27.24 1 0
github.com/paularlott/gossip/leader/events.go:28.10,29.19 1 0
github.com/paularlott/gossip/leader/events.go:39.52,43.2 3 9
github.com/paularlott/gossip/leader/events.go:45.84,50.43 3 1
github.com/paularlott/gossip/leader/events.go:50.43,52.3 1 0
github.com/paularlott/gossip/leader/events.go:55.2,58.31 2 1
github.com/paularlott/gossip/leader/events.go:61.85,66.36 3 17
github.com/paularlott/gossip/leader/events.go:66.36,68.3 1 16
github.com/paularlott/gossip/leader/events.go:71.2,71.40 1 1
github.com/paularlott/gossip/leader/events.go:71.40,73.3 1 1
github.com/paularlott/gossip/address.go:14.35,17.16 2 4
github.com/paularlott/gossip/address.go:17.16,19.3 1 2
github.com/paularlott/gossip/address.go:21.2,21.17 1 4
github.com/paularlott/gossip/address.go:21.17,22.19 1 2
github.com/paularlott/gossip/address.go:22.19,24.4 1 1
github.com/paularlott/gossip/address.go:26.3,26.18 1 2
github.com/paularlott/gossip/address.go:29.2,29.15 1 4
github.com/paularlott/gossip/address.go:32.34,34.2 1 9
github.com/paularlott/gossip/address.go:36.27,40.2 3 55
github.com/paularlott/gossip/cluster.go:53.51,56.19 1 44
github.com/paularlott/gossip/cluster.go:56.19,58.3 1 0
github.com/paularlott/gossip/cluster.go:60.2,60.32 1 44
github.com/paularlott/gossip/cluster.go:60.32,62.3 1 44
github.com/paularlott/gossip/cluster.go:64.2,64.26 1 44
github.com/paularlott/gossip/cluster.go:64.26,66.3 1 44
github.com/paularlott/gossip/cluster.go:69.2,69.28 1 44
github.com/paularlott/gossip/cluster.go:69.28,71.3 1 0
github.com/paularlott/gossip/cluster.go:74.2,74.70 1 44
github.com/paularlott/gossip/cluster.go:74.70,76.3 1 0
github.com/paularlott/gossip/cluster.go:79.2,79.141 1 44
github.com/paularlott/gossip/cluster.go:79.141,81.3 1 0
github.com/paularlott/gossip/cluster.go:83.2,87.25 3 44
github.com/paularlott/gossip/cluster.go:87.25,89.17 2 0
github.com/paularlott/gossip/cluster.go:89.17,91.4 1 0
github.com/paularlott/gossip/cluster.go:92.8,95.17 2 44
github.com/paularlott/gossip/cluster.go:95.17,97.4 1 0
github.com/paularlott/gossip/cluster.go:100.2,112.66 2 44
github.com/paularlott/gossip/cluster.go:112.66,112.96 1 26
github.com/paularlott/gossip/cluster.go:115.2,121.102 4 44
github.com/paularlott/gossip/cluster.go:121.102,127.127 2 1
github.com/paularlott/gossip/cluster.go:127.127,130.4 2 1
github.com/paularlott/gossip/cluster.go:130.9,132.4 1 0
github.com/paularlott/gossip/cluster.go:135.2,135.76 1 44
github.com/paularlott/gossip/cluster.go:135.76,137.3 1 0
github.com/paularlott/gossip/cluster.go:140.2,143.29 2 44
github.com/paularlott/gossip/cluster.go:143.29,146.36 2 18
github.com/paularlott/gossip/cluster.go:146.36,150.18 3 0
github.com/paularlott/gossip/cluster.go:150.18,152.5 1 0
github.com/paularlott/gossip/cluster.go:153.9,156.4 1 18
github.com/paularlott/gossip/cluster.go:159.3,159.95 1 18
github.com/paularlott/gossip/cluster.go:159.95,161.4 1 0
github.com/paularlott/gossip/cluster.go:163.3,164.17 2 18
github.com/paularlott/gossip/cluster.go:164.17,166.4 1 0
github.com/paularlott/gossip/cluster.go:167.8,169.3 1 26
github.com/paularlott/gossip/cluster.go:172.2,172.102 1 44
github.com/paularlott/gossip/cluster.go:172.102,174.3 1 13
github.com/paularlott/gossip/cluster.go:176.2,176.21 1 44
github.com/paularlott/gossip/cluster.go:179.27,181.36 1 30
github.com/paularlott/gossip/cluster.go:181.36,184.3 2 240
github.com/paularlott/gossip/cluster.go:187.2,187.40 1 30
github.com/paularlott/gossip/cluster.go:187.40,190.3 2 240
github.com/paularlott/gossip/cluster.go:193.2,204.94 5 30
github.com/paularlott/gossip/cluster.go:207.26,208.38 1 31
github.com/paularlott/gossip/cluster.go:208.38,210.3 1 31
github.com/paularlott/gossip/cluster.go:212.2,212.28 1 31
github.com/paularlott/gossip/cluster.go:212.28,214.3 1 30
github.com/paularlott/gossip/cluster.go:216.2,216.25 1 31
github.com/paularlott/gossip/cluster.go:216.25,218.3 1 31
github.com/paularlott/gossip/cluster.go:220.2,220.25 1 31
github.com/paularlott/gossip/cluster.go:220.25,222.3 1 31
github.com/paularlott/gossip/cluster.go:225.2,227.50 2 31
github.com/paularlott/gossip/cluster.go:231.76,232.32 1 3
github.com/paularlott/gossip/cluster.go:232.32,236.51 3 3
github.com/paularlott/gossip/cluster.go:236.51,240.4 3 1
github.com/paularlott/gossip/cluster.go:242.3,243.37 2 2
github.com/paularlott/gossip/cluster.go:243.37,247.4 3 1
github.com/paularlott/gossip/cluster.go:250.2,250.55 1 1
github.com/paularlott/gossip/cluster.go:253.46,254.21 1 6
github.com/paularlott/gossip/cluster.go:254.21,256.3 1 0
github.com/paularlott/gossip/cluster.go:259.2,259.42 1 6
github.com/paularlott/gossip/cluster.go:259.42,261.3 1 0
github.com/paularlott/gossip/cluster.go:263.2,267.33 3 6
github.com/paularlott/gossip/cluster.go:267.33,268.28 1 6
github.com/paularlott/gossip/cluster.go:268.28,274.42 3 6
github.com/paularlott/gossip/cluster.go:274.42,276.5 1 0
github.com/paularlott/gossip/cluster.go:278.4,278.24 1 6
github.com/paularlott/gossip/cluster.go:282.2,285.33 2 6
github.com/paularlott/gossip/cluster.go:285.33,287.3 1 6
github.com/paularlott/gossip/cluster.go:289.2,289.12 1 6
github.com/paularlott/gossip/cluster.go:292.45,303.16 3 6
github.com/paularlott/gossip/cluster.go:303.16,306.3 2 0
github.com/paularlott/gossip/cluster.go:309.2,311.33 2 6
github.com/paularlott/gossip/cluster.go:311.33,317.17 4 6
github.com/paularlott/gossip/cluster.go:317.17,318.12 1 6
github.com/paularlott/gossip/cluster.go:321.3,321.26 1 0
github.com/paularlott/gossip/cluster.go:321.26,323.12 2 0
github.com/paularlott/gossip/cluster.go:327.3,332.32 6 0
github.com/paularlott/gossip/cluster.go:332.32,335.18 3 0
github.com/paularlott/gossip/cluster.go:335.18,337.5 1 0
github.com/paularlott/gossip/cluster.go:338.4,338.9 1 0
github.com/paularlott/gossip/cluster.go:344.27,346.28 2 31
github.com/paularlott/gossip/cluster.go:346.28,348.3 1 30
github.com/paularlott/gossip/cluster.go:351.35,354.6 2 240
github.com/paularlott/gossip/cluster.go:354.6,355.10 1 240
github.com/paularlott/gossip/cluster.go:356.56,357.29 1 0
github.com/paularlott/gossip/cluster.go:357.29,359.5 1 0
github.com/paularlott/gossip/cluster.go:361.35,362.10 1 240
github.com/paularlott/gossip/cluster.go:367.56,369.99 1 2
github.com/paularlott/gossip/cluster.go:369.99,372.3 2 0
github.com/paularlott/gossip/cluster.go:375.2,379.23 3 2
github.com/paularlott/gossip/cluster.go:379.23,383.36 2 2
github.com/paularlott/gossip/cluster.go:383.36,386.4 2 0
github.com/paularlott/gossip/cluster.go:390.2,391.14 2 2
github.com/paularlott/gossip/cluster.go:391.14,392.16 1 2
github.com/paularlott/gossip/cluster.go:392.16,394.26 2 0
github.com/paularlott/gossip/cluster.go:394.26,396.5 1 0
github.com/paularlott/gossip/cluster.go:396.10,398.5 1 0
github.com/paularlott/gossip/cluster.go:399.4,399.111 1 0
github.com/paularlott/gossip/cluster.go:402.3,403.17 2 2
github.com/paularlott/gossip/cluster.go:403.17,405.4 1 0
github.com/paularlott/gossip/cluster.go:406.8,408.25 2 0
github.com/paularlott/gossip/cluster.go:408.25,410.4 1 0
github.com/paularlott/gossip/cluster.go:410.9,412.4 1 0
github.com/paularlott/gossip/cluster.go:413.3,413.101 1 0
github.com/paularlott/gossip/cluster.go:420.36,422.21 2 34
github.com/paularlott/gossip/cluster.go:422.21,424.3 1 0
github.com/paularlott/gossip/cluster.go:426.2,429.77 3 34
github.com/paularlott/gossip/cluster.go:438.55,439.21 1 8
github.com/paularlott/gossip/cluster.go:439.21,441.3 1 0
github.com/paularlott/gossip/cluster.go:443.2,446.86 3 8
github.com/paularlott/gossip/cluster.go:450.55,452.21 2 39
github.com/paularlott/gossip/cluster.go:452.21,454.3 1 0
github.com/paularlott/gossip/cluster.go:456.2,459.77 3 39
github.com/paularlott/gossip/cluster.go:462.37,464.21 2 44
github.com/paularlott/gossip/cluster.go:464.21,466.3 1 12
github.com/paularlott/gossip/cluster.go:468.2,471.57 3 32
github.com/paularlott/gossip/cluster.go:475.69,485.32 3 7
github.com/paularlott/gossip/cluster.go:485.32,494.3 1 6
github.com/paularlott/gossip/cluster.go:497.2,497.26 1 7
github.com/paularlott/gossip/cluster.go:497.26,499.3 1 3
github.com/paularlott/gossip/cluster.go:502.2,507.16 2 4
github.com/paularlott/gossip/cluster.go:507.16,509.3 1 4
github.com/paularlott/gossip/cluster.go:512.2,513.12 2 0
github.com/paularlott/gossip/cluster.go:518.128,521.21 1 43
github.com/paularlott/gossip/cluster.go:521.21,524.3 2 12
github.com/paularlott/gossip/cluster.go:525.2,534.9 7 31
github.com/paularlott/gossip/cluster.go:535.32,535.32 0 31
github.com/paularlott/gossip/cluster.go:537.10,539.77 1 0
github.com/paularlott/gossip/cluster.go:543.37,546.6 2 240
github.com/paularlott/gossip/cluster.go:546.6,547.10 1 271
github.com/paularlott/gossip/cluster.go:548.35,551.25 1 31
github.com/paularlott/gossip/cluster.go:551.25,553.5 1 27
github.com/paularlott/gossip/cluster.go:555.4,555.94 1 31
github.com/paularlott/gossip/cluster.go:555.94,557.5 1 1
github.com/paularlott/gossip/cluster.go:560.4,562.34 3 31
github.com/paularlott/gossip/cluster.go:564.35,565.10 1 240
github.com/paularlott/gossip/cluster.go:571.39,572.12 1 30
github.com/paularlott/gossip/cluster.go:572.12,580.7 5 30
github.com/paularlott/gossip/cluster.go:580.7,581.11 1 13
github.com/paularlott/gossip/cluster.go:582.20,585.23 2 6
github.com/paularlott/gossip/cluster.go:585.23,586.14 1 0
github.com/paularlott/gossip/cluster.go:590.5,593.32 2 6
github.com/paularlott/gossip/cluster.go:593.32,594.23 1 7
github.com/paularlott/gossip/cluster.go:594.23,596.21 2 7
github.com/paularlott/gossip/cluster.go:596.21,598.8 1 4
github.com/paularlott/gossip/cluster.go:598.13,600.8 1 3
github.com/paularlott/gossip/cluster.go:604.36,605.11 1 7
github.com/paularlott/gossip/cluster.go:611.37,613.2 1 2
github.com/paularlott/gossip/cluster.go:616.45,618.2 1 1
github.com/paularlott/gossip/cluster.go:620.35,622.2 1 1
github.com/paularlott/gossip/cluster.go:624.40,626.2 1 1
github.com/paularlott/gossip/cluster.go:628.44,630.2 1 1
github.com/paularlott/gossip/cluster.go:632.54,634.16 2 2
github.com/paularlott/gossip/cluster.go:634.16,636.3 1 1
github.com/paularlott/gossip/cluster.go:637.2,637.36 1 1
github.com/paularlott/gossip/cluster.go:640.34,642.2 1 1
github.com/paularlott/gossip/cluster.go:645.39,647.2 1 1
github.com/paularlott/gossip/cluster.go:650.41,652.2 1 1
github.com/paularlott/gossip/cluster.go:655.38,657.2 1 1
github.com/paularlott/gossip/cluster.go:660.74,661.33 1 2
github.com/paularlott/gossip/cluster.go:661.33,663.3 1 1
github.com/paularlott/gossip/cluster.go:664.2,665.12 2 1
github.com/paularlott/gossip/cluster.go:669.83,670.33 1 1
github.com/paularlott/gossip/cluster.go:670.33,672.3 1 1
github.com/paularlott/gossip/cluster.go:673.2,674.12 2 0
github.com/paularlott/gossip/cluster.go:678.93,679.33 1 3
github.com/paularlott/gossip/cluster.go:679.33,681.3 1 1
github.com/paularlott/gossip/cluster.go:682.2,683.12 2 2
github.com/paularlott/gossip/cluster.go:687.86,688.33 1 1
github.com/paularlott/gossip/cluster.go:688.33,690.3 1 0
github.com/paularlott/gossip/cluster.go:691.2,692.12 2 1
github.com/paularlott/gossip/cluster.go:695.67,696.33 1 1
github.com/paularlott/gossip/cluster.go:696.33,698.3 1 0
github.com/paularlott/gossip/cluster.go:699.2,699.39 1 1
github.com/paularlott/gossip/cluster.go:702.87,704.2 1 2
github.com/paularlott/gossip/cluster.go:706.67,708.2 1 2
github.com/paularlott/gossip/cluster.go:710.93,712.2 1 3
github.com/paularlott/gossip/cluster.go:714.70,716.2 1 2
github.com/paularlott/gossip/cluster.go:718.75,719.68 1 156
github.com/paularlott/gossip/cluster.go:719.68,721.3 1 1
github.com/paularlott/gossip/cluster.go:724.53,725.80 1 6
github.com/paularlott/gossip/cluster.go:725.80,727.3 1 5
github.com/paularlott/gossip/cluster.go:730.48,732.2 1 2
github.com/paularlott/gossip/cluster.go:735.43,737.2 1 1
github.com/paularlott/gossip/cluster.go:739.69,741.2 1 1
github.com/paularlott/gossip/cluster.go:743.58,745.2 1 1
github.com/paularlott/gossip/cluster.go:747.36,748.60 1 7
github.com/paularlott/gossip/cluster.go:748.60,750.3 1 1
github.com/paularlott/gossip/cluster.go:753.35,754.12 1 30
github.com/paularlott/gossip/cluster.go:754.12,762.7 5 30
github.com/paularlott/gossip/cluster.go:762.7,763.11 1 36
github.com/paularlott/gossip/cluster.go:764.28,769.36 4 6
github.com/paularlott/gossip/cluster.go:771.36,772.11 1 30
github.com/paularlott/gossip/cluster.go:778.64,780.33 1 8
github.com/paularlott/gossip/cluster.go:780.33,785.47 2 1
github.com/paularlott/gossip/cluster.go:785.47,787.4 1 0
github.com/paularlott/gossip/cluster.go:789.3,792.140 3 1
github.com/paularlott/gossip/cluster.go:793.8,793.114 1 7
github.com/paularlott/gossip/cluster.go:793.114,800.49 2 1
github.com/paularlott/gossip/cluster.go:800.49,802.4 1 0
github.com/paularlott/gossip/cluster.go:804.3,805.140 2 1
github.com/paularlott/gossip/cluster.go:809.35,811.2 1 1
github.com/paularlott/gossip/cluster.go:815.64,816.35 1 2
github.com/paularlott/gossip/cluster.go:816.35,818.3 1 1
github.com/paularlott/gossip/cluster.go:819.2,819.10 1 2
github.com/paularlott/gossip/cluster.go:824.65,825.35 1 2
github.com/paularlott/gossip/cluster.go:825.35,827.3 1 1
github.com/paularlott/gossip/cluster.go:828.2,828.10 1 2
github.com/paularlott/gossip/cluster.go:831.54,833.29 2 1
github.com/paularlott/gossip/cluster.go:833.29,835.3 1 2
github.com/paularlott/gossip/cluster.go:836.2,836.12 1 1
github.com/paularlott/gossip/cluster_handlers.go:8.44,21.2 10 30
github.com/paularlott/gossip/cluster_handlers.go:23.66,25.48 2 1
github.com/paularlott/gossip/cluster_handlers.go:25.48,27.3 1 0
github.com/paularlott/gossip/cluster_handlers.go:30.2,30.19 1 1
github.com/paularlott/gossip/cluster_handlers.go:30.19,31.31 1 0
github.com/paularlott/gossip/cluster_handlers.go:31.31,33.4 1 0
github.com/paularlott/gossip/cluster_handlers.go:34.3,34.13 1 0
github.com/paularlott/gossip/cluster_handlers.go:38.2,38.37 1 1
github.com/paularlott/gossip/cluster_handlers.go:38.37,40.3 1 0
github.com/paularlott/gossip/cluster_handlers.go:43.2,43.75 1 1
github.com/paularlott/gossip/cluster_handlers.go:46.69,47.19 1 1
github.com/paularlott/gossip/cluster_handlers.go:47.19,49.3 1 0
github.com/paularlott/gossip/cluster_handlers.go:51.2,52.48 2 1
github.com/paularlott/gossip/cluster_handlers.go:52.48,54.3 1 0
github.com/paularlott/gossip/cluster_handlers.go:56.2,57.12 2 1
github.com/paularlott/gossip/cluster_handlers.go:60.74,61.19 1 1
github.com/paularlott/gossip/cluster_handlers.go:61.19,63.3 1 0
github.com/paularlott/gossip/cluster_handlers.go:65.2,68.47 3 1
github.com/paularlott/gossip/cluster_handlers.go:68.47,70.3 1 0
github.com/paularlott/gossip/cluster_handlers.go:73.2,77.83 3 1
github.com/paularlott/gossip/cluster_handlers.go:80.77,81.19 1 1
github.com/paularlott/gossip/cluster_handlers.go:81.19,83.3 1 0
github.com/paularlott/gossip/cluster_handlers.go:85.2,86.48 2 1
github.com/paularlott/gossip/cluster_handlers.go:86.48,88.3 1 0
github.com/paularlott/gossip/cluster_handlers.go:90.2,91.12 2 1
github.com/paularlott/gossip/cluster_handlers.go:94.81,98.16 3 1
github.com/paularlott/gossip/cluster_handlers.go:98.16,100.3 1 0
github.com/paularlott/gossip/cluster_handlers.go:103.2,105.34 3 1
github.com/paularlott/gossip/cluster_handlers.go:105.34,108.3 2 0
github.com/paularlott/gossip/cluster_handlers.go:108.8,108.67 1 1
github.com/paularlott/gossip/cluster_handlers.go:108.67,111.3 2 0
github.com/paularlott/gossip/cluster_handlers.go:111.8,111.117 1 1
github.com/paularlott/gossip/cluster_handlers.go:111.117,114.3 2 0
github.com/paularlott/gossip/cluster_handlers.go:114.8,120.32 4 1
github.com/paularlott/gossip/cluster_handlers.go:120.32,122.4 1 1
github.com/paularlott/gossip/cluster_handlers.go:125.2,134.8 1 1
github.com/paularlott/gossip/cluster_handlers.go:137.90,138.19 1 3
github.com/paularlott/gossip/cluster_handlers.go:138.19,140.3 1 2
github.com/paularlott/gossip/cluster_handlers.go:142.2,144.16 3 1
github.com/paularlott/gossip/cluster_handlers.go:144.16,146.3 1 0
github.com/paularlott/gossip/cluster_handlers.go:149.2,158.26 4 1
github.com/paularlott/gossip/cluster_handlers.go:158.26,167.3 1 3
github.com/paularlott/gossip/cluster_handlers.go:169.2,169.26 1 1
github.com/paularlott/gossip/cluster_handlers.go:172.76,173.19 1 1
github.com/paularlott/gossip/cluster_handlers.go:173.19,176.3 1 0
github.com/paularlott/gossip/cluster_handlers.go:178.2,180.16 3 1
github.com/paularlott/gossip/cluster_handlers.go:180.16,182.3 1 0
github.com/paularlott/gossip/cluster_handlers.go:184.2,185.17 2 1
github.com/paularlott/gossip/cluster_handlers.go:185.17,187.3 1 0
github.com/paularlott/gossip/cluster_handlers.go:189.2,189.92 1 1
github.com/paularlott/gossip/cluster_handlers.go:189.92,191.3 1 0
github.com/paularlott/gossip/cluster_handlers.go:191.8,196.59 2 1
github.com/paularlott/gossip/cluster_handlers.go:196.59,198.93 1 1
github.com/paularlott/gossip/cluster_handlers.go:198.93,200.5 1 1
github.com/paularlott/gossip/cluster_handlers.go:204.2,204.12 1 1
github.com/paularlott/gossip/cluster_messages.go:14.63,16.2 1 3
github.com/paularlott/gossip/cluster_messages.go:18.117,29.16 9 199
github.com/paularlott/gossip/cluster_messages.go:29.16,32.3 2 0
github.com/paularlott/gossip/cluster_messages.go:34.2,34.20 1 199
github.com/paularlott/gossip/cluster_messages.go:37.120,39.16 2 40
github.com/paularlott/gossip/cluster_messages.go:39.16,41.3 1 0
github.com/paularlott/gossip/cluster_messages.go:44.2,45.12 2 40
github.com/paularlott/gossip/cluster_messages.go:48.69,49.33 1 1
github.com/paularlott/gossip/cluster_messages.go:49.33,51.3 1 0
github.com/paularlott/gossip/cluster_messages.go:52.2,52.63 1 1
github.com/paularlott/gossip/cluster_messages.go:55.77,56.33 1 1
github.com/paularlott/gossip/cluster_messages.go:56.33,58.3 1 0
github.com/paularlott/gossip/cluster_messages.go:59.2,59.61 1 1
github.com/paularlott/gossip/cluster_messages.go:62.150,64.16 2 2
github.com/paularlott/gossip/cluster_messages.go:64.16,66.3 1 0
github.com/paularlott/gossip/cluster_messages.go:69.2,70.34 2 2
github.com/paularlott/gossip/cluster_messages.go:70.34,71.27 1 1
github.com/paularlott/gossip/cluster_messages.go:71.27,73.9 2 0
github.com/paularlott/gossip/cluster_messages.go:76.2,76.12 1 2
github.com/paularlott/gossip/cluster_messages.go:76.12,78.3 1 2
github.com/paularlott/gossip/cluster_messages.go:81.2,82.12 2 2
github.com/paularlott/gossip/cluster_messages.go:85.101,86.33 1 1
github.com/paularlott/gossip/cluster_messages.go:86.33,88.3 1 0
github.com/paularlott/gossip/cluster_messages.go:89.2,89.84 1 1
github.com/paularlott/gossip/cluster_messages.go:92.109,93.33 1 1
github.com/paularlott/gossip/cluster_messages.go:93.33,95.3 1 0
github.com/paularlott/gossip/cluster_messages.go:96.2,96.82 1 1
github.com/paularlott/gossip/cluster_messages.go:100.133,102.16 2 130
github.com/paularlott/gossip/cluster_messages.go:102.16,104.3 1 0
github.com/paularlott/gossip/cluster_messages.go:105.2,107.72 2 130
github.com/paularlott/gossip/cluster_messages.go:110.86,111.33 1 1
github.com/paularlott/gossip/cluster_messages.go:111.33,113.3 1 0
github.com/paularlott/gossip/cluster_messages.go:114.2,114.76 1 1
github.com/paularlott/gossip/cluster_messages.go:117.94,118.33 1 1
github.com/paularlott/gossip/cluster_messages.go:118.33,120.3 1 0
github.com/paularlott/gossip/cluster_messages.go:121.2,121.74 1 1
github.com/paularlott/gossip/cluster_messages.go:124.94,125.33 1 1
github.com/paularlott/gossip/cluster_messages.go:125.33,127.3 1 0
github.com/paularlott/gossip/cluster_messages.go:128.2,128.68 1 1
github.com/paularlott/gossip/cluster_messages.go:131.102,132.33 1 1
github.com/paularlott/gossip/cluster_messages.go:132.33,134.3 1 0
github.com/paularlott/gossip/cluster_messages.go:135.2,135.66 1 1
github.com/paularlott/gossip/cluster_messages.go:140.130,142.16 2 12
github.com/paularlott/gossip/cluster_messages.go:142.16,144.3 1 0
github.com/paularlott/gossip/cluster_messages.go:145.2,148.16 3 12
github.com/paularlott/gossip/cluster_messages.go:148.16,151.3 2 8
github.com/paularlott/gossip/cluster_messages.go:152.2,156.16 3 4
github.com/paularlott/gossip/cluster_messages.go:156.16,159.3 2 0
github.com/paularlott/gossip/cluster_messages.go:161.2,162.16 2 4
github.com/paularlott/gossip/cluster_messages.go:162.16,165.3 2 2
github.com/paularlott/gossip/cluster_messages.go:166.2,169.28 2 2
github.com/paularlott/gossip/cluster_messages.go:169.28,171.17 2 2
github.com/paularlott/gossip/cluster_messages.go:171.17,174.4 2 0
github.com/paularlott/gossip/cluster_messages.go:177.2,177.12 1 2
github.com/paularlott/gossip/cluster_messages.go:182.130,183.33 1 2
github.com/paularlott/gossip/cluster_messages.go:183.33,185.3 1 0
github.com/paularlott/gossip/cluster_messages.go:187.2,187.73 1 2
github.com/paularlott/gossip/cluster_messages.go:190.105,191.33 1 2
github.com/paularlott/gossip/cluster_messages.go:191.33,193.3 1 0
github.com/paularlott/gossip/cluster_messages.go:195.2,196.16 2 2
github.com/paularlott/gossip/cluster_messages.go:196.16,199.3 2 0
github.com/paularlott/gossip/cluster_messages.go:202.2,203.16 2 2
github.com/paularlott/gossip/cluster_messages.go:203.16,205.3 1 0
github.com/paularlott/gossip/cluster_messages.go:206.2,210.16 3 2
github.com/paularlott/gossip/cluster_messages.go:210.16,214.3 3 0
github.com/paularlott/gossip/cluster_messages.go:217.2,219.16 3 2
github.com/paularlott/gossip/cluster_messages.go:219.16,223.3 3 0
github.com/paularlott/gossip/cluster_messages.go:225.2,225.40 1 2
github.com/paularlott/gossip/cluster_messages.go:225.40,229.3 3 1
github.com/paularlott/gossip/cluster_messages.go:232.2,232.27 1 1
github.com/paularlott/gossip/cluster_messages.go:237.97,238.33 1 3
github.com/paularlott/gossip/cluster_messages.go:238.33,240.3 1 0
github.com/paularlott/gossip/cluster_messages.go:242.2,243.16 2 3
github.com/paularlott/gossip/cluster_messages.go:243.16,245.3 1 0
github.com/paularlott/gossip/cluster_messages.go:248.2,248.53 1 3
github.com/paularlott/gossip/cluster_messages.go:248.53,250.3 1 1
github.com/paularlott/gossip/cluster_messages.go:252.2,253.16 2 2
github.com/paularlott/gossip/cluster_messages.go:253.16,255.3 1 0
github.com/paularlott/gossip/cluster_messages.go:258.2,269.16 6 2
github.com/paularlott/gossip/cluster_messages.go:269.16,271.3 1 0
github.com/paularlott/gossip/cluster_messages.go:272.2,272.30 1 2
github.com/paularlott/gossip/cluster_messages.go:272.30,274.3 1 0
github.com/paularlott/gossip/cluster_messages.go:276.2,276.12 1 2
github.com/paularlott/gossip/cluster_messages.go:281.104,283.16 2 4
github.com/paularlott/gossip/cluster_messages.go:283.16,285.3 1 0
github.com/paularlott/gossip/cluster_messages.go:288.2,290.16 3 4
github.com/paularlott/gossip/cluster_messages.go:290.16,292.3 1 0
github.com/paularlott/gossip/cluster_messages.go:295.2,298.52 3 4
github.com/paularlott/gossip/cluster_messages.go:298.52,300.3 1 1
github.com/paularlott/gossip/cluster_messages.go:302.2,304.16 3 3
github.com/paularlott/gossip/cluster_messages.go:304.16,306.3 1 0
github.com/paularlott/gossip/cluster_messages.go:308.2,308.40 1 3
github.com/paularlott/gossip/cluster_messages.go:308.40,310.3 1 1
github.com/paularlott/gossip/cluster_messages.go:312.2,312.59 1 2
github.com/paularlott/gossip/config.go:72.30,117.2 1 56
github.com/paularlott/gossip/data_node_group.go:59.21,76.34 3 1
github.com/paularlott/gossip/data_node_group.go:76.34,80.3 1 4
github.com/paularlott/gossip/data_node_group.go:83.2,89.12 4 1
github.com/paularlott/gossip/data_node_group.go:93.38,96.2 2 1
github.com/paularlott/gossip/data_node_group.go:99.60,101.29 2 1
github.com/paularlott/gossip/data_node_group.go:101.29,102.36 1 3
github.com/paularlott/gossip/data_node_group.go:102.36,104.4 1 1
github.com/paularlott/gossip/data_node_group.go:109.67,110.55 1 6
github.com/paularlott/gossip/data_node_group.go:110.55,111.33 1 6
github.com/paularlott/gossip/data_node_group.go:111.33,113.4 1 1
github.com/paularlott/gossip/data_node_group.go:115.3,115.52 1 5
github.com/paularlott/gossip/data_node_group.go:115.52,116.74 1 0
github.com/paularlott/gossip/data_node_group.go:116.74,118.5 1 0
github.com/paularlott/gossip/data_node_group.go:119.9,119.96 1 5
github.com/paularlott/gossip/data_node_group.go:119.96,121.4 1 2
github.com/paularlott/gossip/data_node_group.go:123.2,123.13 1 3
github.com/paularlott/gossip/data_node_group.go:127.85,128.36 1 1
github.com/paularlott/gossip/data_node_group.go:128.36,130.36 1 0
github.com/paularlott/gossip/data_node_group.go:130.36,132.4 1 0
github.com/paularlott/gossip/data_node_group.go:133.8,133.63 1 1
github.com/paularlott/gossip/data_node_group.go:133.63,136.3 1 1
github.com/paularlott/gossip/data_node_group.go:140.67,141.19 1 3
github.com/paularlott/gossip/data_node_group.go:141.19,143.3 1 0
github.com/paularlott/gossip/data_node_group.go:146.2,155.24 6 3
github.com/paularlott/gossip/data_node_group.go:155.24,158.3 1 1
github.com/paularlott/gossip/data_node_group.go:158.8,158.31 1 2
github.com/paularlott/gossip/data_node_group.go:158.31,161.3 1 1
github.com/paularlott/gossip/data_node_group.go:161.8,161.30 1 1
github.com/paularlott/gossip/data_node_group.go:161.30,167.31 4 1
github.com/paularlott/gossip/data_node_group.go:167.31,169.4 1 1
github.com/paularlott/gossip/data_node_group.go:174.50,181.47 4 2
github.com/paularlott/gossip/data_node_group.go:181.47,183.3 1 0
github.com/paularlott/gossip/data_node_group.go:186.2,187.32 2 2
github.com/paularlott/gossip/data_node_group.go:187.32,189.3 1 2
github.com/paularlott/gossip/data_node_group.go:189.8,193.3 2 0
github.com/paularlott/gossip/data_node_group.go:196.2,202.28 2 2
github.com/paularlott/gossip/data_node_group.go:202.28,204.3 1 2
github.com/paularlott/gossip/data_node_group.go:208.53,215.13 4 2
github.com/paularlott/gossip/data_node_group.go:215.13,218.3 2 0
github.com/paularlott/gossip/data_node_group.go:221.2,225.30 3 2
github.com/paularlott/gossip/data_node_group.go:225.30,227.3 1 2
github.com/paularlott/gossip/data_node_group.go:231.68,237.24 4 0
github.com/paularlott/gossip/data_node_group.go:237.24,239.33 2 0
github.com/paularlott/gossip/data_node_group.go:239.33,241.4 1 0
github.com/paularlott/gossip/data_node_group.go:244.2,244.35 1 0
github.com/paularlott/gossip/data_node_group.go:244.35,247.45 2 0
github.com/paularlott/gossip/data_node_group.go:247.45,249.26 1 0
github.com/paularlott/gossip/data_node_group.go:249.26,250.52 1 0
github.com/paularlott/gossip/data_node_group.go:250.52,251.14 1 0
github.com/paularlott/gossip/data_node_group.go:255.4,255.42 1 0
github.com/paularlott/gossip/data_node_group.go:258.3,258.24 1 0
github.com/paularlott/gossip/data_node_group.go:261.2,261.15 1 0
github.com/paularlott/gossip/data_node_group.go:265.60,271.53 4 0
github.com/paularlott/gossip/data_node_group.go:271.53,273.3 1 0
github.com/paularlott/gossip/data_node_group.go:275.2,275.12 1 0
github.com/paularlott/gossip/data_node_group.go:279.98,285.53 4 0
github.com/paularlott/gossip/data_node_group.go:285.53,287.3 1 0
github.com/paularlott/gossip/data_node_group.go:289.2,289.12 1 0
github.com/paularlott/gossip/data_node_group.go:293.50,296.35 2 0
github.com/paularlott/gossip/data_node_group.go:296.35,299.40 2 0
github.com/paularlott/gossip/data_node_group.go:299.40,301.4 1 0
github.com/paularlott/gossip/data_node_group.go:303.3,303.24 1 0
github.com/paularlott/gossip/data_node_group.go:306.2,306.15 1 0
github.com/paularlott/gossip/data_node_group.go:310.59,318.2 5 9
github.com/paularlott/gossip/data_node_group.go:321.42,324.35 2 3
github.com/paularlott/gossip/data_node_group.go:324.35,328.3 3 12
github.com/paularlott/gossip/data_node_group.go:330.2,330.14 1 3
github.com/paularlott/gossip/data_node_group.go:334.77,340.28 3 16
github.com/paularlott/gossip/data_node_group.go:340.28,343.3 2 256
github.com/paularlott/gossip/data_node_group.go:345.2,345.39 1 16
github.com/paularlott/gossip/data_node_group.go:349.87,352.46 2 0
github.com/paularlott/gossip/data_node_group.go:352.46,354.3 1 0
github.com/paularlott/gossip/data_node_group.go:356.2,357.16 2 0
github.com/paularlott/gossip/data_node_group.go:357.16,359.3 1 0
github.com/paularlott/gossip/data_node_group.go:361.2,361.49 1 0
github.com/paularlott/gossip/data_node_group.go:361.49,364.3 2 0
github.com/paularlott/gossip/data_node_group.go:366.2,366.12 1 0
github.com/paularlott/gossip/data_node_group.go:370.95,373.46 2 0
github.com/paularlott/gossip/data_node_group.go:373.46,375.3 1 0
github.com/paularlott/gossip/data_node_group.go:377.2,378.16 2 0
github.com/paularlott/gossip/data_node_group.go:378.16,380.3 1 0
github.com/paularlott/gossip/data_node_group.go:382.2,382.49 1 0
github.com/paularlott/gossip/data_node_group.go:382.49,385.3 2 0
github.com/paularlott/gossip/data_node_group.go:387.2,387.12 1 0
github.com/paularlott/gossip/default_resolver.go:12.44,14.2 1 23
github.com/paularlott/gossip/default_resolver.go:17.67,19.16 2 0
github.com/paularlott/gossip/default_resolver.go:19.16,21.3 1 0
github.com/paularlott/gossip/default_resolver.go:23.2,24.25 2 0
github.com/paularlott/gossip/default_resolver.go:24.25,26.3 1 0
github.com/paularlott/gossip/default_resolver.go:27.2,27.20 1 0
github.com/paularlott/gossip/default_resolver.go:31.77,33.23 1 1
github.com/paularlott/gossip/default_resolver.go:33.23,35.3 1 1
github.com/paularlott/gossip/default_resolver.go:37.2,37.36 1 0
github.com/paularlott/gossip/default_resolver.go:37.36,39.3 1 0
github.com/paularlott/gossip/default_resolver.go:42.2,43.16 2 0
github.com/paularlott/gossip/default_resolver.go:43.16,45.3 1 0
github.com/paularlott/gossip/default_resolver.go:46.2,46.21 1 0
github.com/paularlott/gossip/default_resolver.go:46.21,48.3 1 0
github.com/paularlott/gossip/default_resolver.go:52.2,53.28 2 0
github.com/paularlott/gossip/default_resolver.go:53.28,55.41 1 0
github.com/paularlott/gossip/default_resolver.go:55.41,56.12 1 0
github.com/paularlott/gossip/default_resolver.go:58.3,59.34 2 0
github.com/paularlott/gossip/default_resolver.go:59.34,60.12 1 0
github.com/paularlott/gossip/default_resolver.go:62.3,62.29 1 0
github.com/paularlott/gossip/default_resolver.go:62.29,63.43 1 0
github.com/paularlott/gossip/default_resolver.go:63.43,65.5 1 0
github.com/paularlott/gossip/default_resolver.go:68.2,68.22 1 0
github.com/paularlott/gossip/default_resolver.go:68.22,70.3 1 0
github.com/paularlott/gossip/default_resolver.go:71.2,71.20 1 0
github.com/paularlott/gossip/events.go:26.50,32.2 3 133
github.com/paularlott/gossip/events.go:35.53,54.2 10 8
github.com/paularlott/gossip/events.go:57.54,63.44 5 7
github.com/paularlott/gossip/events.go:63.44,65.3 1 0
github.com/paularlott/gossip/events.go:68.2,74.43 5 7
github.com/paularlott/gossip/events.go:74.43,75.25 1 1
github.com/paularlott/gossip/events.go:75.25,77.4 1 1
github.com/paularlott/gossip/events.go:80.2,81.13 2 7
github.com/paularlott/gossip/events.go:85.46,88.25 2 6
github.com/paularlott/gossip/events.go:88.25,90.3 1 0
github.com/paularlott/gossip/events.go:93.2,95.15 3 6
github.com/paularlott/gossip/events.go:99.48,102.25 2 169
github.com/paularlott/gossip/events.go:102.25,104.3 1 0
github.com/paularlott/gossip/events.go:106.2,106.40 1 169
github.com/paularlott/gossip/events.go:106.40,108.3 1 7
github.com/paularlott/gossip/handler_registry.go:24.78,25.19 1 16
github.com/paularlott/gossip/handler_registry.go:25.19,27.3 1 1
github.com/paularlott/gossip/handler_registry.go:29.2,29.51 1 15
github.com/paularlott/gossip/handler_registry.go:29.51,31.13 1 1
github.com/paularlott/gossip/handler_registry.go:31.13,36.18 3 1
github.com/paularlott/gossip/handler_registry.go:36.18,38.5 1 0
github.com/paularlott/gossip/handler_registry.go:40.4,41.18 2 1
github.com/paularlott/gossip/handler_registry.go:41.18,43.5 1 0
github.com/paularlott/gossip/handler_registry.go:46.4,47.47 2 1
github.com/paularlott/gossip/handler_registry.go:49.3,49.13 1 1
github.com/paularlott/gossip/handler_registry.go:53.2,55.50 2 14
github.com/paularlott/gossip/handler_registry.go:55.50,57.17 2 6
github.com/paularlott/gossip/handler_registry.go:57.17,59.4 1 2
github.com/paularlott/gossip/handler_registry.go:61.3,61.35 1 4
github.com/paularlott/gossip/handler_registry.go:61.35,63.18 2 2
github.com/paularlott/gossip/handler_registry.go:63.18,65.5 1 0
github.com/paularlott/gossip/handler_registry.go:66.4,68.60 2 2
github.com/paularlott/gossip/handler_registry.go:70.3,70.13 1 2
github.com/paularlott/gossip/handler_registry.go:71.8,71.30 1 8
github.com/paularlott/gossip/handler_registry.go:71.30,73.3 1 6
github.com/paularlott/gossip/handler_registry.go:75.2,75.44 1 2
github.com/paularlott/gossip/handler_registry.go:83.44,87.2 3 55
github.com/paularlott/gossip/handler_registry.go:89.66,96.36 5 313
github.com/paularlott/gossip/handler_registry.go:96.36,98.3 1 1390
github.com/paularlott/gossip/handler_registry.go:100.2,100.33 1 313
github.com/paularlott/gossip/handler_registry.go:100.33,101.75 1 0
github.com/paularlott/gossip/handler_registry.go:104.2,105.32 2 313
github.com/paularlott/gossip/handler_registry.go:108.65,114.44 4 1
github.com/paularlott/gossip/handler_registry.go:114.44,116.3 1 0
github.com/paularlott/gossip/handler_registry.go:118.2,119.36 2 1
github.com/paularlott/gossip/handler_registry.go:119.36,120.19 1 11
github.com/paularlott/gossip/handler_registry.go:120.19,122.4 1 10
github.com/paularlott/gossip/handler_registry.go:125.2,126.13 2 1
github.com/paularlott/gossip/handler_registry.go:129.96,134.2 1 245
github.com/paularlott/gossip/handler_registry.go:136.96,141.2 1 65
github.com/paularlott/gossip/handler_registry.go:143.94,148.2 1 1
github.com/paularlott/gossip/handler_registry.go:150.72,152.49 2 116
github.com/paularlott/gossip/handler_registry.go:152.49,154.3 1 115
github.com/paularlott/gossip/handler_registry.go:155.2,155.12 1 1
github.com/paularlott/gossip/health_monitor.go:48.50,64.55 3 35
github.com/paularlott/gossip/health_monitor.go:64.55,65.13 1 245
github.com/paularlott/gossip/health_monitor.go:65.13,66.8 1 245
github.com/paularlott/gossip/health_monitor.go:66.8,67.12 1 283
github.com/paularlott/gossip/health_monitor.go:68.44,69.13 1 40
github.com/paularlott/gossip/health_monitor.go:69.13,72.7 1 2
github.com/paularlott/gossip/health_monitor.go:73.6,73.30 1 38
github.com/paularlott/gossip/health_monitor.go:75.34,76.12 1 208
github.com/paularlott/gossip/health_monitor.go:82.2,84.11 2 35
github.com/paularlott/gossip/health_monitor.go:87.33,90.2 2 30
github.com/paularlott/gossip/health_monitor.go:92.51,96.44 3 8
github.com/paularlott/gossip/health_monitor.go:96.44,97.27 1 7
github.com/paularlott/gossip/health_monitor.go:97.27,99.4 1 7
github.com/paularlott/gossip/health_monitor.go:101.2,101.43 1 1
github.com/paularlott/gossip/health_monitor.go:104.56,107.2 2 36
github.com/paularlott/gossip/health_monitor.go:109.44,125.6 11 35
github.com/paularlott/gossip/health_monitor.go:125.6,126.10 1 587
github.com/paularlott/gossip/health_monitor.go:127.32,128.10 1 30
github.com/paularlott/gossip/health_monitor.go:130.24,131.25 1 146
github.com/paularlott/gossip/health_monitor.go:133.26,135.28 2 135
github.com/paularlott/gossip/health_monitor.go:137.27,138.25 1 136
github.com/paularlott/gossip/health_monitor.go:140.26,141.28 1 135
github.com/paularlott/gossip/health_monitor.go:148.48,153.58 2 135
github.com/paularlott/gossip/health_monitor.go:153.58,159.18 4 48
github.com/paularlott/gossip/health_monitor.go:159.18,163.4 2 0
github.com/paularlott/gossip/health_monitor.go:166.3,166.63 1 48
github.com/paularlott/gossip/health_monitor.go:166.63,168.4 1 0
github.com/paularlott/gossip/health_monitor.go:170.3,170.14 1 48
github.com/paularlott/gossip/health_monitor.go:174.2,174.38 1 135
github.com/paularlott/gossip/health_monitor.go:174.38,176.3 1 0
github.com/paularlott/gossip/health_monitor.go:178.2,178.27 1 135
github.com/paularlott/gossip/health_monitor.go:178.27,182.3 1 0
github.com/paularlott/gossip/health_monitor.go:185.45,191.37 3 146
github.com/paularlott/gossip/health_monitor.go:191.37,197.33 4 28
github.com/paularlott/gossip/health_monitor.go:197.33,198.42 1 89
github.com/paularlott/gossip/health_monitor.go:198.42,199.13 1 5
github.com/paularlott/gossip/health_monitor.go:201.4,201.62 1 84
github.com/paularlott/gossip/health_monitor.go:201.62,203.5 1 36
github.com/paularlott/gossip/health_monitor.go:207.3,207.26 1 28
github.com/paularlott/gossip/health_monitor.go:207.26,210.4 2 16
github.com/paularlott/gossip/health_monitor.go:213.2,213.18 1 146
github.com/paularlott/gossip/health_monitor.go:213.18,219.21 5 134
github.com/paularlott/gossip/health_monitor.go:219.21,224.4 2 6
github.com/paularlott/gossip/health_monitor.go:225.3,225.9 1 134
github.com/paularlott/gossip/health_monitor.go:229.2,236.36 2 12
github.com/paularlott/gossip/health_monitor.go:236.36,238.10 1 38
github.com/paularlott/gossip/health_monitor.go:239.36,239.36 0 38
github.com/paularlott/gossip/health_monitor.go:241.11,245.53 1 0
github.com/paularlott/gossip/health_monitor.go:251.54,253.57 1 38
github.com/paularlott/gossip/health_monitor.go:253.57,255.3 1 2
github.com/paularlott/gossip/health_monitor.go:258.2,263.43 4 36
github.com/paularlott/gossip/health_monitor.go:263.43,265.32 1 0
github.com/paularlott/gossip/health_monitor.go:265.32,272.4 2 0
github.com/paularlott/gossip/health_monitor.go:274.3,276.9 2 0
github.com/paularlott/gossip/health_monitor.go:279.2,280.11 2 36
github.com/paularlott/gossip/health_monitor.go:280.11,281.57 1 6
github.com/paularlott/gossip/health_monitor.go:281.57,283.4 1 0
github.com/paularlott/gossip/health_monitor.go:286.3,286.32 1 6
github.com/paularlott/gossip/health_monitor.go:286.32,291.4 3 0
github.com/paularlott/gossip/health_monitor.go:293.3,293.9 1 6
github.com/paularlott/gossip/health_monitor.go:297.2,310.16 5 30
github.com/paularlott/gossip/health_monitor.go:310.16,315.3 1 2
github.com/paularlott/gossip/health_monitor.go:315.8,320.3 1 28
github.com/paularlott/gossip/health_monitor.go:323.2,323.85 1 30
github.com/paularlott/gossip/health_monitor.go:323.85,333.3 3 0
github.com/paularlott/gossip/health_monitor.go:336.48,341.28 2 135
github.com/paularlott/gossip/health_monitor.go:341.28,342.37 1 135
github.com/paularlott/gossip/health_monitor.go:342.37,344.4 1 11
github.com/paularlott/gossip/health_monitor.go:345.3,345.9 1 135
github.com/paularlott/gossip/health_monitor.go:349.2,354.21 3 0
github.com/paularlott/gossip/health_monitor.go:354.21,357.3 1 0
github.com/paularlott/gossip/health_monitor.go:358.2,358.36 1 0
github.com/paularlott/gossip/health_monitor.go:358.36,360.3 1 0
github.com/paularlott/gossip/health_monitor.go:363.2,366.34 2 0
github.com/paularlott/gossip/health_monitor.go:366.34,368.13 2 0
github.com/paularlott/gossip/health_monitor.go:368.13,370.31 2 0
github.com/paularlott/gossip/health_monitor.go:370.31,372.5 1 0
github.com/paularlott/gossip/health_monitor.go:377.2,377.36 1 0
github.com/paularlott/gossip/health_monitor.go:377.36,379.3 1 0
github.com/paularlott/gossip/health_monitor.go:380.2,383.11 2 0
github.com/paularlott/gossip/health_monitor.go:386.48,389.36 2 136
github.com/paularlott/gossip/health_monitor.go:389.36,391.41 1 133
github.com/paularlott/gossip/health_monitor.go:391.41,392.12 1 132
github.com/paularlott/gossip/health_monitor.go:396.3,399.58 2 1
github.com/paularlott/gossip/health_monitor.go:399.58,407.4 3 1
github.com/paularlott/gossip/health_monitor.go:411.58,430.33 8 13
github.com/paularlott/gossip/health_monitor.go:430.33,439.3 3 1
[...]
github.com/paularlott/gossip/node_list.go:379.83,380.34 1 442
github.com/paularlott/gossip/node_list.go:380.34,385.32 3 1798
github.com/paularlott/gossip/node_list.go:385.32,386.60 1 1812
github.com/paularlott/gossip/node_list.go:386.60,387.39 1 1812
github.com/paularlott/gossip/node_list.go:387.39,389.6 1 267
github.com/paularlott/gossip/node_list.go:393.3,396.34 2 1798
github.com/paularlott/gossip/node_list.go:396.34,397.23 1 266
github.com/paularlott/gossip/node_list.go:397.23,399.5 1 1
github.com/paularlott/gossip/node_list.go:404.64,407.50 2 440
github.com/paularlott/gossip/node_list.go:407.50,410.3 2 261
github.com/paularlott/gossip/node_list.go:412.2,412.14 1 440
github.com/paularlott/gossip/node_list.go:416.38,420.34 2 2
github.com/paularlott/gossip/node_list.go:420.34,424.36 2 12
github.com/paularlott/gossip/node_list.go:424.36,426.4 1 5
github.com/paularlott/gossip/node_list.go:428.3,428.24 1 12
github.com/paularlott/gossip/node_list.go:431.2,431.17 1 2
github.com/paularlott/gossip/node_list.go:435.43,439.34 2 1
github.com/paularlott/gossip/node_list.go:439.34,448.3 6 8
github.com/paularlott/gossip/node_list.go:450.2,453.26 4 1
github.com/paularlott/gossip/node_list.go:457.81,462.26 2 8
github.com/paularlott/gossip/node_list.go:462.26,465.3 2 8
github.com/paularlott/gossip/node_list.go:467.2,467.20 1 8
github.com/paularlott/gossip/packet.go:36.27,38.4 1 81
github.com/paularlott/gossip/packet.go:54.26,58.2 3 206
github.com/paularlott/gossip/packet.go:60.35,63.2 2 0
github.com/paularlott/gossip/packet.go:65.28,66.29 1 216
github.com/paularlott/gossip/packet.go:66.29,67.20 1 205
github.com/paularlott/gossip/packet.go:67.20,69.4 1 7
github.com/paularlott/gossip/packet.go:71.3,74.20 3 205
github.com/paularlott/gossip/packet.go:78.49,80.2 1 34
github.com/paularlott/gossip/packet.go:82.43,84.2 1 0
github.com/paularlott/gossip/stream.go:47.56,50.54 1 13
github.com/paularlott/gossip/stream.go:50.54,52.3 1 9
github.com/paularlott/gossip/stream.go:55.2,61.3 1 4
github.com/paularlott/gossip/stream.go:66.52,67.21 1 3
github.com/paularlott/gossip/stream.go:67.21,69.3 1 0
github.com/paularlott/gossip/stream.go:71.2,75.52 3 3
github.com/paularlott/gossip/stream.go:75.52,80.34 3 0
github.com/paularlott/gossip/stream.go:80.34,83.4 2 0
github.com/paularlott/gossip/stream.go:85.3,85.16 1 0
github.com/paularlott/gossip/stream.go:89.2,90.16 2 3
github.com/paularlott/gossip/stream.go:90.16,92.3 1 0
github.com/paularlott/gossip/stream.go:95.2,97.16 3 3
github.com/paularlott/gossip/stream.go:97.16,99.3 1 0
github.com/paularlott/gossip/stream.go:102.2,107.53 4 3
github.com/paularlott/gossip/stream.go:107.53,109.3 1 0
github.com/paularlott/gossip/stream.go:112.2,114.16 3 3
github.com/paularlott/gossip/stream.go:114.16,116.3 1 0
github.com/paularlott/gossip/stream.go:119.2,122.28 2 3
github.com/paularlott/gossip/stream.go:122.28,124.17 2 2
github.com/paularlott/gossip/stream.go:124.17,126.4 1 0
github.com/paularlott/gossip/stream.go:130.2,130.18 1 3
github.com/paularlott/gossip/stream.go:130.18,131.33 1 2
github.com/paularlott/gossip/stream.go:131.33,133.4 1 0
github.com/paularlott/gossip/stream.go:135.3,136.17 2 2
github.com/paularlott/gossip/stream.go:136.17,138.4 1 0
github.com/paularlott/gossip/stream.go:139.8,141.3 1 1
github.com/paularlott/gossip/stream.go:144.2,144.34 1 3
github.com/paularlott/gossip/stream.go:144.34,146.3 1 3
github.com/paularlott/gossip/stream.go:149.2,151.23 3 0
github.com/paularlott/gossip/stream.go:156.53,157.17 1 3
github.com/paularlott/gossip/stream.go:157.17,159.3 1 0
github.com/paularlott/gossip/stream.go:161.2,161.21 1 3
github.com/paularlott/gossip/stream.go:161.21,163.3 1 0
github.com/paularlott/gossip/stream.go:165.2,169.43 3 3
github.com/paularlott/gossip/stream.go:169.43,171.3 1 0
github.com/paularlott/gossip/stream.go:174.2,178.95 3 3
github.com/paularlott/gossip/stream.go:178.95,180.17 2 2
github.com/paularlott/gossip/stream.go:180.17,182.4 1 0
github.com/paularlott/gossip/stream.go:185.3,185.31 1 2
github.com/paularlott/gossip/stream.go:185.31,188.4 2 2
github.com/paularlott/gossip/stream.go:188.9,191.4 2 0
github.com/paularlott/gossip/stream.go:192.8,195.3 2 1
github.com/paularlott/gossip/stream.go:198.2,198.28 1 3
github.com/paularlott/gossip/stream.go:198.28,200.17 2 2
github.com/paularlott/gossip/stream.go:200.17,202.4 1 0
github.com/paularlott/gossip/stream.go:206.2,207.16 2 3
github.com/paularlott/gossip/stream.go:207.16,209.3 1 0
github.com/paularlott/gossip/stream.go:212.2,213.18 2 3
github.com/paularlott/gossip/stream.go:213.18,215.3 1 2
github.com/paularlott/gossip/stream.go:218.2,222.16 4 3
github.com/paularlott/gossip/stream.go:222.16,224.3 1 0
github.com/paularlott/gossip/stream.go:227.2,228.16 2 3
github.com/paularlott/gossip/stream.go:228.16,230.3 1 0
github.com/paularlott/gossip/stream.go:233.2,233.20 1 3
github.com/paularlott/gossip/stream.go:238.32,241.24 2 0
github.com/paularlott/gossip/stream.go:241.24,247.3 2 0
github.com/paularlott/gossip/stream.go:249.2,249.12 1 0
github.com/paularlott/gossip/stream.go:253.39,255.2 1 0
github.com/paularlott/gossip/stream.go:258.40,260.2 1 0
github.com/paularlott/gossip/stream.go:263.49,265.2 1 0
github.com/paularlott/gossip/stream.go:268.53,270.2 1 0
github.com/paularlott/gossip/stream.go:273.54,275.2 1 0
github.com/paularlott/gossip/stream.go:277.46,280.2 2 1
github.com/paularlott/gossip/stream.go:282.47,285.2 2 1
github.com/paularlott/gossip/transport.go:54.117,66.31 3 30
github.com/paularlott/gossip/transport.go:66.31,68.3 1 22
github.com/paularlott/gossip/transport.go:70.2,70.27 1 30
github.com/paularlott/gossip/transport.go:70.27,72.3 1 30
github.com/paularlott/gossip/transport.go:72.8,84.17 4 0
github.com/paularlott/gossip/transport.go:84.17,86.4 1 0
github.com/paularlott/gossip/transport.go:89.3,89.37 1 0
github.com/paularlott/gossip/transport.go:89.37,95.18 3 0
github.com/paularlott/gossip/transport.go:95.18,97.5 1 0
github.com/paularlott/gossip/transport.go:101.3,104.37 3 0
github.com/paularlott/gossip/transport.go:104.37,107.4 2 0
github.com/paularlott/gossip/transport.go:110.2,112.12 2 30
github.com/paularlott/gossip/transport.go:112.12,115.3 2 30
github.com/paularlott/gossip/transport.go:117.2,119.23 2 30
github.com/paularlott/gossip/transport.go:122.50,125.26 2 17
github.com/paularlott/gossip/transport.go:125.26,127.3 1 0
github.com/paularlott/gossip/transport.go:128.2,128.26 1 17
github.com/paularlott/gossip/transport.go:128.26,130.3 1 0
github.com/paularlott/gossip/transport.go:132.2,134.53 2 17
github.com/paularlott/gossip/transport.go:137.50,139.2 1 8
github.com/paularlott/gossip/transport.go:141.39,143.2 1 0
github.com/paularlott/gossip/transport.go:145.71,147.16 2 0
github.com/paularlott/gossip/transport.go:147.16,151.3 3 0
github.com/paularlott/gossip/transport.go:153.2,153.9 1 0
github.com/paularlott/gossip/transport.go:154.20,156.9 2 0
github.com/paularlott/gossip/transport.go:157.33,157.33 0 0
github.com/paularlott/gossip/transport.go:161.72,164.6 2 0
github.com/paularlott/gossip/transport.go:164.6,166.17 2 0
github.com/paularlott/gossip/transport.go:166.17,167.29 1 0
github.com/paularlott/gossip/transport.go:167.29,169.5 1 0
github.com/paularlott/gossip/transport.go:171.4,172.12 2 0
github.com/paularlott/gossip/transport.go:175.3,175.32 1 0
github.com/paularlott/gossip/transport.go:179.99,180.25 1 0
github.com/paularlott/gossip/transport.go:180.25,183.3 2 0
github.com/paularlott/gossip/transport.go:185.2,186.16 2 0
github.com/paularlott/gossip/transport.go:186.16,190.3 3 0
github.com/paularlott/gossip/transport.go:192.2,192.54 1 0
github.com/paularlott/gossip/transport.go:195.72,200.6 3 0
github.com/paularlott/gossip/transport.go:200.6,202.17 2 0
github.com/paularlott/gossip/transport.go:202.17,203.29 1 0
github.com/paularlott/gossip/transport.go:203.29,205.5 1 0
github.com/paularlott/gossip/transport.go:207.4,208.12 2 0
github.com/paularlott/gossip/transport.go:212.3,212.12 1 0
github.com/paularlott/gossip/transport.go:212.12,216.14 3 0
github.com/paularlott/gossip/transport.go:216.14,218.19 2 0
github.com/paularlott/gossip/transport.go:218.19,221.6 2 0
github.com/paularlott/gossip/transport.go:223.5,223.12 1 0
github.com/paularlott/gossip/transport.go:224.23,225.12 1 0
github.com/paularlott/gossip/transport.go:226.36,226.36 0 0
github.com/paularlott/gossip/transport.go:233.60,235.58 1 2
github.com/paularlott/gossip/transport.go:235.58,237.3 1 2
github.com/paularlott/gossip/transport.go:239.2,239.27 1 0
github.com/paularlott/gossip/transport.go:239.27,241.51 1 0
github.com/paularlott/gossip/transport.go:241.51,244.4 2 0
github.com/paularlott/gossip/transport.go:247.3,247.29 1 0
github.com/paularlott/gossip/transport.go:247.29,248.54 1 0
github.com/paularlott/gossip/transport.go:248.54,250.5 1 0
github.com/paularlott/gossip/transport.go:252.4,252.24 1 0
github.com/paularlott/gossip/transport.go:256.3,257.36 2 0
github.com/paularlott/gossip/transport.go:257.36,259.4 1 0
github.com/paularlott/gossip/transport.go:262.3,263.30 2 0
github.com/paularlott/gossip/transport.go:263.30,264.46 1 0
github.com/paularlott/gossip/transport.go:264.46,268.5 2 0
github.com/paularlott/gossip/transport.go:268.10,268.30 1 0
github.com/paularlott/gossip/transport.go:268.30,270.5 1 0
github.com/paularlott/gossip/transport.go:272.3,272.22 1 0
github.com/paularlott/gossip/transport.go:272.22,274.4 1 0
github.com/paularlott/gossip/transport.go:275.3,275.23 1 0
github.com/paularlott/gossip/transport.go:276.8,276.35 1 0
github.com/paularlott/gossip/transport.go:276.35,277.26 1 0
github.com/paularlott/gossip/transport.go:277.26,279.4 1 0
github.com/paularlott/gossip/transport.go:281.3,282.17 2 0
github.com/paularlott/gossip/transport.go:282.17,285.4 2 0
github.com/paularlott/gossip/transport.go:287.3,287.45 1 0
github.com/paularlott/gossip/transport.go:288.8,290.3 1 0
github.com/paularlott/gossip/transport.go:294.68,297.16 2 1
github.com/paularlott/gossip/transport.go:297.16,299.3 1 0
github.com/paularlott/gossip/transport.go:301.2,306.83 4 1
github.com/paularlott/gossip/transport.go:306.83,308.17 2 0
github.com/paularlott/gossip/transport.go:308.17,310.4 1 0
github.com/paularlott/gossip/transport.go:313.3,313.48 1 0
github.com/paularlott/gossip/transport.go:313.48,316.4 2 0
github.com/paularlott/gossip/transport.go:320.2,324.16 3 1
github.com/paularlott/gossip/transport.go:324.16,326.3 1 0
github.com/paularlott/gossip/transport.go:329.2,333.16 3 1
github.com/paularlott/gossip/transport.go:333.16,335.3 1 0
github.com/paularlott/gossip/transport.go:338.2,338.18 1 1
github.com/paularlott/gossip/transport.go:338.18,340.3 1 0
github.com/paularlott/gossip/transport.go:340.8,342.3 1 1
github.com/paularlott/gossip/transport.go:343.2,343.16 1 1
github.com/paularlott/gossip/transport.go:343.16,345.3 1 0
github.com/paularlott/gossip/transport.go:348.2,349.28 2 1
github.com/paularlott/gossip/transport.go:349.28,351.17 2 0
github.com/paularlott/gossip/transport.go:351.17,353.4 1 0
github.com/paularlott/gossip/transport.go:357.2,358.16 2 1
github.com/paularlott/gossip/transport.go:358.16,360.3 1 0
github.com/paularlott/gossip/transport.go:362.2,362.25 1 1
github.com/paularlott/gossip/transport.go:365.68,369.19 2 0
github.com/paularlott/gossip/transport.go:369.19,371.3 1 0
github.com/paularlott/gossip/transport.go:374.2,386.28 5 0
github.com/paularlott/gossip/transport.go:386.28,388.17 2 0
github.com/paularlott/gossip/transport.go:388.17,390.4 1 0
github.com/paularlott/gossip/transport.go:394.2,394.45 1 0
github.com/paularlott/gossip/transport.go:394.45,396.3 1 0
github.com/paularlott/gossip/transport.go:399.2,401.16 3 0
github.com/paularlott/gossip/transport.go:401.16,403.3 1 0
github.com/paularlott/gossip/transport.go:406.2,408.48 2 0
github.com/paularlott/gossip/transport.go:408.48,410.17 2 0
github.com/paularlott/gossip/transport.go:410.17,412.4 1 0
github.com/paularlott/gossip/transport.go:413.8,415.3 1 0
github.com/paularlott/gossip/transport.go:417.2,417.20 1 0
github.com/paularlott/gossip/transport.go:420.70,423.16 2 0
github.com/paularlott/gossip/transport.go:423.16,425.3 1 0
github.com/paularlott/gossip/transport.go:427.2,427.36 1 0
github.com/paularlott/gossip/transport.go:430.75,433.16 2 0
github.com/paularlott/gossip/transport.go:433.16,435.3 1 0
github.com/paularlott/gossip/transport.go:438.2,440.16 3 0
github.com/paularlott/gossip/transport.go:440.16,442.3 1 0
github.com/paularlott/gossip/transport.go:444.2,445.16 2 0
github.com/paularlott/gossip/transport.go:445.16,447.3 1 0
github.com/paularlott/gossip/transport.go:450.2,452.31 3 0
github.com/paularlott/gossip/transport.go:452.31,454.17 2 0
github.com/paularlott/gossip/transport.go:454.17,456.4 1 0
github.com/paularlott/gossip/transport.go:457.3,457.20 1 0
github.com/paularlott/gossip/transport.go:460.2,460.12 1 0
github.com/paularlott/gossip/transport.go:463.64,466.16 2 0
github.com/paularlott/gossip/transport.go:466.16,468.3 1 0
github.com/paularlott/gossip/transport.go:471.2,476.16 4 0
github.com/paularlott/gossip/transport.go:476.16,478.3 1 0
github.com/paularlott/gossip/transport.go:480.2,483.49 2 0
github.com/paularlott/gossip/transport.go:483.49,485.3 1 0
github.com/paularlott/gossip/transport.go:488.2,492.16 3 0
github.com/paularlott/gossip/transport.go:492.16,494.3 1 0
github.com/paularlott/gossip/transport.go:496.2,497.16 2 0
github.com/paularlott/gossip/transport.go:497.16,499.3 1 0
github.com/paularlott/gossip/transport.go:500.2,500.20 1 0
github.com/paularlott/gossip/transport.go:503.98,506.16 2 1
github.com/paularlott/gossip/transport.go:506.16,508.3 1 0
github.com/paularlott/gossip/transport.go:511.2,511.163 1 1
github.com/paularlott/gossip/transport.go:511.163,513.3 1 0
github.com/paularlott/gossip/transport.go:516.2,516.29 1 1
github.com/paularlott/gossip/transport.go:516.29,518.59 1 1
github.com/paularlott/gossip/transport.go:518.59,520.4 1 1
github.com/paularlott/gossip/transport.go:523.3,523.41 1 0
github.com/paularlott/gossip/transport.go:523.41,525.18 2 0
github.com/paularlott/gossip/transport.go:525.18,528.5 2 0
github.com/paularlott/gossip/transport.go:531.4,532.18 2 0
github.com/paularlott/gossip/transport.go:532.18,536.5 3 0
github.com/paularlott/gossip/transport.go:538.4,538.16 1 0
github.com/paularlott/gossip/transport.go:540.9,542.41 1 0
github.com/paularlott/gossip/transport.go:542.41,543.96 1 0
github.com/paularlott/gossip/transport.go:543.96,545.6 1 0
github.com/paularlott/gossip/transport.go:546.5,547.15 2 0
github.com/paularlott/gossip/transport.go:550.4,550.30 1 0
github.com/paularlott/gossip/transport.go:550.30,551.50 1 0
github.com/paularlott/gossip/transport.go:551.50,552.14 1 0
github.com/paularlott/gossip/transport.go:554.5,554.25 1 0
github.com/paularlott/gossip/transport.go:558.4,559.37 2 0
github.com/paularlott/gossip/transport.go:559.37,561.5 1 0
github.com/paularlott/gossip/transport.go:562.4,563.31 2 0
github.com/paularlott/gossip/transport.go:563.31,564.42 1 0
github.com/paularlott/gossip/transport.go:564.42,567.11 3 0
github.com/paularlott/gossip/transport.go:568.11,569.24 1 0
github.com/paularlott/gossip/transport.go:569.24,571.7 1 0
github.com/paularlott/gossip/transport.go:574.4,574.22 1 0
github.com/paularlott/gossip/transport.go:574.22,576.5 1 0
github.com/paularlott/gossip/transport.go:580.2,580.12 1 0
github.com/paularlott/gossip/transport.go:584.65,585.29 1 6
github.com/paularlott/gossip/transport.go:585.29,587.3 1 0
github.com/paularlott/gossip/transport.go:589.2,589.30 1 6
github.com/paularlott/gossip/transport.go:589.30,591.3 1 4
github.com/paularlott/gossip/transport.go:593.2,594.16 2 2
github.com/paularlott/gossip/transport.go:594.16,596.3 1 1
github.com/paularlott/gossip/transport.go:598.2,598.25 1 1
github.com/paularlott/gossip/transport.go:598.25,600.3 1 1
github.com/paularlott/gossip/transport.go:602.2,603.12 2 0
github.com/paularlott/gossip/transport.go:606.74,608.43 1 8
github.com/paularlott/gossip/transport.go:608.43,612.181 2 2
github.com/paularlott/gossip/transport.go:612.181,616.170 2 1
github.com/paularlott/gossip/transport.go:616.170,618.5 1 0
github.com/paularlott/gossip/transport.go:621.4,622.18 2 1
github.com/paularlott/gossip/transport.go:622.18,624.5 1 0
github.com/paularlott/gossip/transport.go:626.4,627.18 2 1
github.com/paularlott/gossip/transport.go:627.18,629.5 1 0
github.com/paularlott/gossip/transport.go:631.4,631.21 1 1
github.com/paularlott/gossip/transport.go:631.21,633.52 1 1
github.com/paularlott/gossip/transport.go:633.52,635.6 1 1
github.com/paularlott/gossip/transport.go:637.5,639.7 1 1
github.com/paularlott/gossip/transport.go:642.4,642.25 1 1
github.com/paularlott/gossip/transport.go:643.9,645.40 1 1
github.com/paularlott/gossip/transport.go:645.40,647.5 1 1
github.com/paularlott/gossip/transport.go:649.4,649.41 1 0
github.com/paularlott/gossip/transport.go:654.2,654.176 1 6
github.com/paularlott/gossip/transport.go:654.176,655.167 1 4
github.com/paularlott/gossip/transport.go:655.167,657.4 1 2
github.com/paularlott/gossip/transport.go:659.3,659.44 1 2
github.com/paularlott/gossip/transport.go:659.44,661.4 1 2
github.com/paularlott/gossip/transport.go:663.3,667.9 1 2
github.com/paularlott/gossip/transport.go:668.8,669.39 1 2
github.com/paularlott/gossip/transport.go:669.39,671.4 1 0
github.com/paularlott/gossip/transport.go:673.3,673.54 1 2
github.com/paularlott/gossip/transport.go:677.89,681.42 2 3
github.com/paularlott/gossip/transport.go:681.42,683.3 1 3
github.com/paularlott/gossip/transport.go:686.2,687.16 2 3
github.com/paularlott/gossip/transport.go:687.16,689.3 1 0
github.com/paularlott/gossip/transport.go:691.2,691.21 1 3
github.com/paularlott/gossip/transport.go:691.21,693.3 1 0
github.com/paularlott/gossip/transport.go:695.2,695.18 1 3
github.com/paularlott/gossip/transport.go:695.18,698.29 2 2
github.com/paularlott/gossip/transport.go:698.29,699.21 1 4
github.com/paularlott/gossip/transport.go:699.21,700.28 1 4
github.com/paularlott/gossip/transport.go:700.28,702.6 1 2
github.com/paularlott/gossip/transport.go:702.11,704.6 1 2
github.com/paularlott/gossip/transport.go:707.3,707.26 1 2
github.com/paularlott/gossip/transport.go:707.26,710.4 2 1
github.com/paularlott/gossip/transport.go:710.9,713.4 2 1
github.com/paularlott/gossip/transport.go:714.8,715.29 1 1
github.com/paularlott/gossip/transport.go:715.29,719.4 1 1
github.com/paularlott/gossip/transport.go:722.2,722.23 1 3
github.com/paularlott/gossip/transport.go:725.79,729.46 2 7
github.com/paularlott/gossip/transport.go:729.46,731.3 1 1
github.com/paularlott/gossip/transport.go:734.2,734.34 1 7
github.com/paularlott/gossip/transport.go:734.34,736.3 1 1
github.com/paularlott/gossip/transport.go:739.2,740.16 2 7
github.com/paularlott/gossip/transport.go:740.16,742.3 1 0
github.com/paularlott/gossip/transport.go:745.2,745.19 1 7
github.com/paularlott/gossip/transport.go:745.19,747.3 1 1
github.com/paularlott/gossip/transport.go:750.2,752.16 3 7
github.com/paularlott/gossip/transport.go:752.16,754.3 1 7
github.com/paularlott/gossip/transport.go:754.8,756.3 1 0
github.com/paularlott/gossip/transport.go:759.2,760.42 2 7
github.com/paularlott/gossip/transport.go:760.42,763.17 2 4
github.com/paularlott/gossip/transport.go:763.17,765.4 1 1
github.com/paularlott/gossip/transport.go:768.3,769.32 2 3
github.com/paularlott/gossip/transport.go:769.32,770.42 1 4
github.com/paularlott/gossip/transport.go:770.42,771.24 1 4
github.com/paularlott/gossip/transport.go:771.24,773.6 1 2
github.com/paularlott/gossip/transport.go:773.11,775.6 1 2
github.com/paularlott/gossip/transport.go:780.3,781.26 2 3
github.com/paularlott/gossip/transport.go:781.26,784.4 2 1
github.com/paularlott/gossip/transport.go:784.9,787.4 2 2
github.com/paularlott/gossip/transport.go:789.3,789.30 1 3
github.com/paularlott/gossip/transport.go:789.30,791.4 1 4
github.com/paularlott/gossip/transport.go:792.8,794.3 1 3
github.com/paularlott/gossip/transport.go:796.2,796.23 1 6
github.com/paularlott/gossip/types.go:9.33,11.2 1 132
